#
# A fatal error has been detected by the Java Runtime Environment:
#
#  EXCEPTION_ACCESS_VIOLATION (0xc0000005) at pc=0x00007ffe42c71f80, pid=7904, tid=2088
#
# JRE version: OpenJDK Runtime Environment (11.0.8+10) (build 11.0.8+10-b944.6842174)
# Java VM: OpenJDK 64-Bit Server VM (11.0.8+10-b944.6842174, mixed mode, tiered, compressed oops, g1 gc, windows-amd64)
# Problematic frame:
# V  [jvm.dll+0x2b1f80]
#
# No core dump will be written. Minidumps are not enabled by default on client versions of Windows
#
# If you would like to submit a bug report, please visit:
#   https://bugreport.java.com/bugreport/crash.jsp
#

---------------  S U M M A R Y ------------

Command Line: --add-opens=java.base/java.util=ALL-UNNAMED --add-opens=java.base/java.lang=ALL-UNNAMED --add-opens=java.base/java.lang.invoke=ALL-UNNAMED --add-opens=java.prefs/java.util.prefs=ALL-UNNAMED -Xmx2048m -Dfile.encoding=UTF-8 -Duser.country=RU -Duser.language=ru -Duser.variant org.gradle.launcher.daemon.bootstrap.GradleDaemon 6.7.1

Host: Intel(R) Core(TM) i5 CPU         760  @ 2.80GHz, 4 cores, 7G,  Windows 10 , 64 bit Build 19041 (10.0.19041.928)
Time: Fri Oct  8 14:03:29 2021 Новосибирское стандартное время elapsed time: 14 seconds (0d 0h 0m 14s)

---------------  T H R E A D  ---------------

Current thread (0x000001e87fdb0000):  JavaThread "C2 CompilerThread0" daemon [_thread_in_native, id=2088, stack(0x0000005369400000,0x0000005369500000)]


Current CompileTask:
C2:  14903 10774   !   4       java.net.URL::<init> (543 bytes)

Stack: [0x0000005369400000,0x0000005369500000],  sp=0x00000053694fade0,  free space=1003k
Native frames: (J=compiled Java code, j=interpreted, Vv=VM code, C=native code)
V  [jvm.dll+0x2b1f80]
V  [jvm.dll+0x2b2183]
V  [jvm.dll+0x502098]
V  [jvm.dll+0x1ff393]
V  [jvm.dll+0x1f917c]
V  [jvm.dll+0x1f685f]
V  [jvm.dll+0x17f32c]
V  [jvm.dll+0x205047]
V  [jvm.dll+0x203891]
V  [jvm.dll+0x6dad3f]
V  [jvm.dll+0x6d3895]
V  [jvm.dll+0x5dd4a6]
C  [ucrtbase.dll+0x21bb2]
C  [KERNEL32.DLL+0x17034]
C  [ntdll.dll+0x52651]


siginfo: EXCEPTION_ACCESS_VIOLATION (0xc0000005), reading address 0xffffffffffffffff


Register to memory mapping:

RIP=0x00007ffe42c71f80 jvm.dll
RAX=0x00007ffe431c19a8 jvm.dll
RBX=0x000001e8066507e0 points into unknown readable memory: a8 19 1c 43 fe 7f 00 00
RCX=0x000001e8066507e0 points into unknown readable memory: a8 19 1c 43 fe 7f 00 00
RDX=0x000001e80ef87ee0 points into unknown readable memory: c0 0d 04 06 e8 01 00 00
RSP=0x00000053694fade0 is pointing into the stack for thread: 0x000001e87fdb0000
RBP=0x00000053694fae50 is pointing into the stack for thread: 0x000001e87fdb0000
RSI=0x0000000000000001 is an unknown value
RDI=0x000000000000004a is an unknown value
R8 =0x0000000000000001 is an unknown value
R9 =0x00000000000002bd is an unknown value
R10=0x00000000000002bd is an unknown value
R11=0x00000053694fae00 is pointing into the stack for thread: 0x000001e87fdb0000
R12=0x00000053694fb3c0 is pointing into the stack for thread: 0x000001e87fdb0000
R13=0x000001e806040dc0 points into unknown readable memory: 98 bd 1b 43 fe 7f 00 00
R14=0x00000053694faec8 is pointing into the stack for thread: 0x000001e87fdb0000
R15=0x000001e80ba69e70 points into unknown readable memory: 01 00 00 00 ff ff ff ff


Registers:
RAX=0x00007ffe431c19a8, RBX=0x000001e8066507e0, RCX=0x000001e8066507e0, RDX=0x000001e80ef87ee0
RSP=0x00000053694fade0, RBP=0x00000053694fae50, RSI=0x0000000000000001, RDI=0x000000000000004a
R8 =0x0000000000000001, R9 =0x00000000000002bd, R10=0x00000000000002bd, R11=0x00000053694fae00
R12=0x00000053694fb3c0, R13=0x000001e806040dc0, R14=0x00000053694faec8, R15=0x000001e80ba69e70
RIP=0x00007ffe42c71f80, EFLAGS=0x0000000000010202

Top of Stack: (sp=0x00000053694fade0)
0x00000053694fade0:   000001e87fdaef48 0000000000000000
0x00000053694fadf0:   0000000000000000 0000000000000000
0x00000053694fae00:   000001e80ef87ee8 000002bd00000000
0x00000053694fae10:   0000000000000000 000001e800000007
0x00000053694fae20:   000001e808e9fc20 0000000000007fd8
0x00000053694fae30:   000001e87fd73c80 000001e80e99b240
0x00000053694fae40:   000001e80e992940 00000053694fb3c0
0x00000053694fae50:   000001e80ba69e70 0000000000000000
0x00000053694fae60:   000001e80ef87e90 00007ffe42c72183
0x00000053694fae70:   000001e80ef87e90 000001e87fdaef48
0x00000053694fae80:   0000000000000000 000001e80ba69e70
0x00000053694fae90:   00000000000088f0 000001e80ef87e90
0x00000053694faea0:   000001e87fd73c80 000001e80e992940
0x00000053694faeb0:   000001e80e99b240 00000000001ca438
0x00000053694faec0:   000001e80e99b240 00007ffe4321cb68
0x00000053694faed0:   000001e87fd73c80 00007ffe00000002 

Instructions: (pc=0x00007ffe42c71f80)
0x00007ffe42c71e80:   d1 48 8d 4d b8 e8 26 7d 0b 00 8b 4d b8 48 63 c1
0x00007ffe42c71e90:   ff c1 89 4d b8 48 8b c8 48 8b 45 d0 48 89 1c c8
0x00007ffe42c71ea0:   8b 45 b8 85 c0 0f 84 76 01 00 00 48 8b 5d 20 4c
0x00007ffe42c71eb0:   89 6c 24 58 4c 8d 7b 58 4c 89 7d b0 0f 1f 40 00
0x00007ffe42c71ec0:   ff c8 89 45 b8 48 63 c8 48 8b 45 d0 4c 8b 2c c8
0x00007ffe42c71ed0:   41 8b 4d 28 8b c1 c1 e8 05 41 3b 46 10 72 0d 49
0x00007ffe42c71ee0:   8b 06 8b d1 49 8b ce ff 50 18 eb 29 83 e1 1f 41
0x00007ffe42c71ef0:   b8 01 00 00 00 41 d3 e0 8b c8 49 8b 46 18 48 8d
0x00007ffe42c71f00:   14 88 8b 0c 88 8b c1 41 0b c8 89 0a 41 23 c0 0f
0x00007ffe42c71f10:   85 f9 00 00 00 4d 89 6f f8 49 8d 57 f8 41 8b 45
0x00007ffe42c71f20:   28 8b 0c 87 48 8d 04 89 48 c1 e0 04 48 03 c3 49
0x00007ffe42c71f30:   89 47 08 41 8b 45 28 89 34 87 33 c0 49 89 47 18
0x00007ffe42c71f40:   49 89 47 30 41 89 37 49 89 57 10 49 89 5f 20 41
0x00007ffe42c71f50:   c7 47 04 01 00 00 00 41 8b 7d 20 85 ff 0f 8e 9d
0x00007ffe42c71f60:   00 00 00 4c 8b 7d 38 66 0f 1f 84 00 00 00 00 00
0x00007ffe42c71f70:   49 8b 45 10 ff cf 48 8b 1c f8 48 8b cb 48 8b 03
0x00007ffe42c71f80:   ff 50 10 84 c0 74 69 8b 43 28 41 3b 44 24 28 73
0x00007ffe42c71f90:   5f 49 8b 4c 24 30 48 83 3c c1 00 74 53 8b c8 c1
0x00007ffe42c71fa0:   e9 05 41 3b 4e 10 73 1b 4d 8b 46 18 ba 01 00 00
0x00007ffe42c71fb0:   00 44 8b c9 8b c8 83 e1 1f d3 e2 43 8b 0c 88 23
0x00007ffe42c71fc0:   ca 75 2d 41 89 34 87 8b 4d b8 3b 4d bc 75 0e 8b
0x00007ffe42c71fd0:   d1 48 8d 4d b8 e8 d6 7b 0b 00 8b 4d b8 48 63 c1
0x00007ffe42c71fe0:   ff c1 89 4d b8 48 8b c8 48 8b 45 d0 48 89 1c c8
0x00007ffe42c71ff0:   85 ff 0f 8f 78 ff ff ff 4c 8b 7d b0 48 8b 5d 20
0x00007ffe42c72000:   48 8b 7d 38 ff c6 49 83 c7 50 4c 89 7d b0 8b 45
0x00007ffe42c72010:   b8 85 c0 0f 85 a7 fe ff ff 4c 8b 6c 24 58 45 33
0x00007ffe42c72020:   ff 48 83 7d c0 01 4c 8b 74 24 50 4c 8b 64 24 60
0x00007ffe42c72030:   48 8b 7c 24 68 48 8b 9c 24 98 00 00 00 75 16 48
0x00007ffe42c72040:   8b 55 d0 44 89 7d b8 48 85 d2 74 09 48 8d 4d b8
0x00007ffe42c72050:   e8 3b e8 03 00 8b c6 48 83 c4 70 41 5f 5e 5d c3
0x00007ffe42c72060:   48 89 4c 24 08 53 55 56 57 41 54 41 55 41 56 41
0x00007ffe42c72070:   57 48 81 ec 88 00 00 00 8b 15 8e f3 76 00 48 8b 


Stack slot to memory mapping:
stack at sp + 0 slots: 0x000001e87fdaef48 points into unknown readable memory: 00 00 db 7f e8 01 00 00
stack at sp + 1 slots: 0x0 is NULL
stack at sp + 2 slots: 0x0 is NULL
stack at sp + 3 slots: 0x0 is NULL
stack at sp + 4 slots: 0x000001e80ef87ee8 points into unknown readable memory: 01 00 00 00 01 00 00 00
stack at sp + 5 slots: 0x000002bd00000000 is an unknown value
stack at sp + 6 slots: 0x0 is NULL
stack at sp + 7 slots: 0x000001e800000007 points into unknown readable memory: 00


---------------  P R O C E S S  ---------------

Threads class SMR info:
_java_thread_list=0x000001e80e974520, length=167, elements={
0x000001e869b88800, 0x000001e87fd7c800, 0x000001e87fd8b800, 0x000001e87fdab800,
0x000001e87fdac800, 0x000001e87fdb0000, 0x000001e87fdb8000, 0x000001e87fdb9800,
0x000001e804985800, 0x000001e8049c4800, 0x000001e805fff800, 0x000001e8063ce000,
0x000001e80610d800, 0x000001e805c44800, 0x000001e80610e800, 0x000001e8060cf000,
0x000001e80580d800, 0x000001e806097800, 0x000001e805a74800, 0x000001e805a88800,
0x000001e806088800, 0x000001e806089800, 0x000001e806083800, 0x000001e806087800,
0x000001e80608a000, 0x000001e806084800, 0x000001e806087000, 0x000001e806086000,
0x000001e806085000, 0x000001e808a11800, 0x000001e808a0f000, 0x000001e808a10000,
0x000001e808a0d800, 0x000001e808a16000, 0x000001e808a16800, 0x000001e808a11000,
0x000001e808a18000, 0x000001e808a17800, 0x000001e808a19000, 0x000001e808a1a000,
0x000001e808a14000, 0x000001e808a1a800, 0x000001e808a15000, 0x000001e808a1b800,
0x000001e808a1c800, 0x000001e807253800, 0x000001e807257800, 0x000001e807254000,
0x000001e807255000, 0x000001e807256800, 0x000001e807258000, 0x000001e80725a000,
0x000001e80725b800, 0x000001e80725a800, 0x000001e807259000, 0x000001e807256000,
0x000001e807261000, 0x000001e807262000, 0x000001e807260800, 0x000001e80725e000,
0x000001e80725e800, 0x000001e80725c800, 0x000001e80725d000, 0x000001e80725f800,
0x000001e80a129800, 0x000001e80a12b000, 0x000001e80a128000, 0x000001e80a12a800,
0x000001e80a127000, 0x000001e80a12c000, 0x000001e80a128800, 0x000001e80a12d800,
0x000001e80a12e800, 0x000001e80a132800, 0x000001e80a12c800, 0x000001e80a133000,
0x000001e80a12f000, 0x000001e80a131800, 0x000001e80a134000, 0x000001e80a135800,
0x000001e80a135000, 0x000001e80a130000, 0x000001e80a131000, 0x000001e80735b000,
0x000001e807356800, 0x000001e807359000, 0x000001e80735a800, 0x000001e80735c000,
0x000001e807359800, 0x000001e80735d000, 0x000001e807357000, 0x000001e807358000,
0x000001e807363800, 0x000001e80735f800, 0x000001e807360000, 0x000001e80735d800,
0x000001e80735e800, 0x000001e807362800, 0x000001e807361000, 0x000001e807364000,
0x000001e807365000, 0x000001e807362000, 0x000001e8069d6000, 0x000001e8069d5800,
0x000001e8069d3800, 0x000001e8069d7000, 0x000001e8069d1800, 0x000001e8069d8000,
0x000001e8069d4800, 0x000001e8069d3000, 0x000001e8069d2000, 0x000001e8069de800,
0x000001e8069d8800, 0x000001e8069df000, 0x000001e8069dd800, 0x000001e8069db000,
0x000001e8069dc800, 0x000001e8069dc000, 0x000001e8069d9800, 0x000001e8069e0000,
0x000001e8069da800, 0x000001e807278000, 0x000001e807274000, 0x000001e807275000,
0x000001e807276800, 0x000001e807276000, 0x000001e807277800, 0x000001e807279000,
0x000001e807273800, 0x000001e80727e800, 0x000001e80727c800, 0x000001e80727f800,
0x000001e80727a000, 0x000001e807280800, 0x000001e80727b800, 0x000001e80727a800,
0x000001e80727d000, 0x000001e80727e000, 0x000001e807281000, 0x000001e807282000,
0x000001e808c11000, 0x000001e808c12000, 0x000001e808c0f800, 0x000001e808c16000,
0x000001e808c10800, 0x000001e808c13000, 0x000001e808c14800, 0x000001e808c18000,
0x000001e808c13800, 0x000001e808c1b000, 0x000001e808c19800, 0x000001e808c15800,
0x000001e808c18800, 0x000001e808c1a000, 0x000001e808c1c000, 0x000001e808c1c800,
0x000001e808c17000, 0x000001e808c1d800, 0x000001e808c1e800, 0x000001e804b46800,
0x000001e804b44800, 0x000001e804b48800, 0x000001e804b4a000, 0x000001e804b49000,
0x000001e804b4b000, 0x000001e804b45000, 0x000001e80b23c800
}

Java Threads: ( => current thread )
  0x000001e869b88800 JavaThread "main" [_thread_blocked, id=5504, stack(0x0000005368900000,0x0000005368a00000)]
  0x000001e87fd7c800 JavaThread "Reference Handler" daemon [_thread_blocked, id=1756, stack(0x0000005369000000,0x0000005369100000)]
  0x000001e87fd8b800 JavaThread "Finalizer" daemon [_thread_blocked, id=5928, stack(0x0000005369100000,0x0000005369200000)]
  0x000001e87fdab800 JavaThread "Signal Dispatcher" daemon [_thread_blocked, id=5800, stack(0x0000005369200000,0x0000005369300000)]
  0x000001e87fdac800 JavaThread "Attach Listener" daemon [_thread_blocked, id=5812, stack(0x0000005369300000,0x0000005369400000)]
=>0x000001e87fdb0000 JavaThread "C2 CompilerThread0" daemon [_thread_in_native, id=2088, stack(0x0000005369400000,0x0000005369500000)]
  0x000001e87fdb8000 JavaThread "C1 CompilerThread0" daemon [_thread_blocked, id=5216, stack(0x0000005369500000,0x0000005369600000)]
  0x000001e87fdb9800 JavaThread "Sweeper thread" daemon [_thread_blocked, id=5172, stack(0x0000005369600000,0x0000005369700000)]
  0x000001e804985800 JavaThread "Common-Cleaner" daemon [_thread_blocked, id=5212, stack(0x0000005369700000,0x0000005369800000)]
  0x000001e8049c4800 JavaThread "Service Thread" daemon [_thread_blocked, id=9240, stack(0x0000005369800000,0x0000005369900000)]
  0x000001e805fff800 JavaThread "Daemon health stats" [_thread_blocked, id=5536, stack(0x0000005369d00000,0x0000005369e00000)]
  0x000001e8063ce000 JavaThread "Incoming local TCP Connector on port 49787" [_thread_in_native, id=6236, stack(0x000000536a000000,0x000000536a100000)]
  0x000001e80610d800 JavaThread "Daemon" [_thread_blocked, id=6588, stack(0x000000536a100000,0x000000536a200000)]
  0x000001e805c44800 JavaThread "Daemon periodic checks" [_thread_blocked, id=6092, stack(0x000000536a200000,0x000000536a300000)]
  0x000001e80610e800 JavaThread "Handler for socket connection from /127.0.0.1:49787 to /127.0.0.1:49788" [_thread_in_native, id=9236, stack(0x000000536a300000,0x000000536a400000)]
  0x000001e8060cf000 JavaThread "Cancel handler" [_thread_blocked, id=3336, stack(0x000000536a400000,0x000000536a500000)]
  0x000001e80580d800 JavaThread "Daemon worker" [_thread_in_native, id=8332, stack(0x000000536a500000,0x000000536a600000)]
  0x000001e806097800 JavaThread "Asynchronous log dispatcher for DefaultDaemonConnection: socket connection from /127.0.0.1:49787 to /127.0.0.1:49788" [_thread_blocked, id=3408, stack(0x000000536a600000,0x000000536a700000)]
  0x000001e805a74800 JavaThread "Stdin handler" [_thread_blocked, id=204, stack(0x000000536a700000,0x000000536a800000)]
  0x000001e805a88800 JavaThread "Thread-8" [_thread_blocked, id=7248, stack(0x000000536a800000,0x000000536a900000)]
  0x000001e806088800 JavaThread "Cache worker for file hash cache (C:\Users\Denis\.gradle\caches\6.7.1\fileHashes)" [_thread_blocked, id=1976, stack(0x000000536aa00000,0x000000536ab00000)]
  0x000001e806089800 JavaThread "File lock request listener" [_thread_in_native, id=1752, stack(0x000000536ab00000,0x000000536ac00000)]
  0x000001e806083800 JavaThread "Cache worker for journal cache (C:\Users\Denis\.gradle\caches\journal-1)" [_thread_blocked, id=3448, stack(0x000000536ac00000,0x000000536ad00000)]
  0x000001e806087800 JavaThread "Cache worker for file hash cache (C:\Users\Denis\AndroidStudioProjects\AppForRentaTeam\.gradle\6.7.1\fileHashes)" [_thread_blocked, id=6328, stack(0x000000536ad00000,0x000000536ae00000)]
  0x000001e80608a000 JavaThread "Cache worker for checksums cache (C:\Users\Denis\AndroidStudioProjects\AppForRentaTeam\.gradle\checksums)" [_thread_blocked, id=7992, stack(0x000000536ae00000,0x000000536af00000)]
  0x000001e806084800 JavaThread "Cache worker for cache directory md-supplier (C:\Users\Denis\.gradle\caches\6.7.1\md-supplier)" [_thread_blocked, id=7996, stack(0x000000536af00000,0x000000536b000000)]
  0x000001e806087000 JavaThread "Cache worker for cache directory md-rule (C:\Users\Denis\.gradle\caches\6.7.1\md-rule)" [_thread_blocked, id=8988, stack(0x000000536b000000,0x000000536b100000)]
  0x000001e806086000 JavaThread "Cache worker for execution history cache (C:\Users\Denis\.gradle\caches\6.7.1\executionHistory)" [_thread_blocked, id=5892, stack(0x000000536b100000,0x000000536b200000)]
  0x000001e806085000 JavaThread "jar transforms" [_thread_blocked, id=5356, stack(0x000000536b200000,0x000000536b300000)]
  0x000001e808a11800 JavaThread "Cache worker for file content cache (C:\Users\Denis\.gradle\caches\6.7.1\fileContent)" [_thread_blocked, id=5848, stack(0x000000536b300000,0x000000536b400000)]
  0x000001e808a0f000 JavaThread "Cache worker for Build Output Cleanup Cache (C:\Users\Denis\AndroidStudioProjects\AppForRentaTeam\.gradle\buildOutputCleanup)" [_thread_blocked, id=2524, stack(0x000000536b400000,0x000000536b500000)]
  0x000001e808a10000 JavaThread "Build operations" [_thread_blocked, id=2128, stack(0x000000536b500000,0x000000536b600000)]
  0x000001e808a0d800 JavaThread "Build operations Thread 2" [_thread_blocked, id=2092, stack(0x000000536b600000,0x000000536b700000)]
  0x000001e808a16000 JavaThread "Build operations Thread 3" [_thread_blocked, id=6012, stack(0x000000536b700000,0x000000536b800000)]
  0x000001e808a16800 JavaThread "Build operations Thread 4" [_thread_blocked, id=5548, stack(0x000000536b800000,0x000000536b900000)]
  0x000001e808a11000 JavaThread "jar transforms Thread 2" [_thread_blocked, id=3428, stack(0x000000536b900000,0x000000536ba00000)]
  0x000001e808a18000 JavaThread "jar transforms Thread 3" [_thread_blocked, id=9312, stack(0x000000536ba00000,0x000000536bb00000)]
  0x000001e808a17800 JavaThread "jar transforms Thread 4" [_thread_blocked, id=10120, stack(0x000000536bb00000,0x000000536bc00000)]
  0x000001e808a19000 JavaThread "jar transforms Thread 5" [_thread_blocked, id=5364, stack(0x000000536bc00000,0x000000536bd00000)]
  0x000001e808a1a000 JavaThread "jar transforms Thread 6" [_thread_blocked, id=5368, stack(0x000000536bd00000,0x000000536be00000)]
  0x000001e808a14000 JavaThread "jar transforms Thread 7" [_thread_blocked, id=5360, stack(0x000000536be00000,0x000000536bf00000)]
  0x000001e808a1a800 JavaThread "jar transforms Thread 8" [_thread_blocked, id=10112, stack(0x000000536bf00000,0x000000536c000000)]
  0x000001e808a15000 JavaThread "jar transforms Thread 9" [_thread_blocked, id=4928, stack(0x000000536c000000,0x000000536c100000)]
  0x000001e808a1b800 JavaThread "jar transforms Thread 10" [_thread_blocked, id=4920, stack(0x000000536c100000,0x000000536c200000)]
  0x000001e808a1c800 JavaThread "jar transforms Thread 11" [_thread_blocked, id=2516, stack(0x000000536c200000,0x000000536c300000)]
  0x000001e807253800 JavaThread "jar transforms Thread 12" [_thread_blocked, id=6496, stack(0x000000536c300000,0x000000536c400000)]
  0x000001e807257800 JavaThread "jar transforms Thread 13" [_thread_blocked, id=2884, stack(0x000000536c400000,0x000000536c500000)]
  0x000001e807254000 JavaThread "jar transforms Thread 14" [_thread_blocked, id=556, stack(0x000000536c500000,0x000000536c600000)]
  0x000001e807255000 JavaThread "jar transforms Thread 15" [_thread_blocked, id=10048, stack(0x000000536c600000,0x000000536c700000)]
  0x000001e807256800 JavaThread "jar transforms Thread 16" [_thread_blocked, id=8776, stack(0x000000536c700000,0x000000536c800000)]
  0x000001e807258000 JavaThread "jar transforms Thread 17" [_thread_blocked, id=9860, stack(0x000000536c800000,0x000000536c900000)]
  0x000001e80725a000 JavaThread "jar transforms Thread 18" [_thread_blocked, id=8000, stack(0x000000536c900000,0x000000536ca00000)]
  0x000001e80725b800 JavaThread "jar transforms Thread 19" [_thread_blocked, id=1936, stack(0x000000536ca00000,0x000000536cb00000)]
  0x000001e80725a800 JavaThread "jar transforms Thread 20" [_thread_blocked, id=6132, stack(0x000000536cb00000,0x000000536cc00000)]
  0x000001e807259000 JavaThread "jar transforms Thread 21" [_thread_blocked, id=5228, stack(0x000000536cc00000,0x000000536cd00000)]
  0x000001e807256000 JavaThread "jar transforms Thread 22" [_thread_blocked, id=8376, stack(0x000000536cd00000,0x000000536ce00000)]
  0x000001e807261000 JavaThread "jar transforms Thread 23" [_thread_blocked, id=7368, stack(0x000000536ce00000,0x000000536cf00000)]
  0x000001e807262000 JavaThread "jar transforms Thread 24" [_thread_blocked, id=5136, stack(0x000000536cf00000,0x000000536d000000)]
  0x000001e807260800 JavaThread "jar transforms Thread 25" [_thread_blocked, id=6996, stack(0x000000536d000000,0x000000536d100000)]
  0x000001e80725e000 JavaThread "jar transforms Thread 26" [_thread_blocked, id=996, stack(0x000000536d100000,0x000000536d200000)]
  0x000001e80725e800 JavaThread "jar transforms Thread 27" [_thread_blocked, id=5496, stack(0x000000536d200000,0x000000536d300000)]
  0x000001e80725c800 JavaThread "jar transforms Thread 28" [_thread_blocked, id=5540, stack(0x000000536d300000,0x000000536d400000)]
  0x000001e80725d000 JavaThread "jar transforms Thread 29" [_thread_blocked, id=6728, stack(0x000000536d400000,0x000000536d500000)]
  0x000001e80725f800 JavaThread "jar transforms Thread 30" [_thread_blocked, id=5936, stack(0x000000536d500000,0x000000536d600000)]
  0x000001e80a129800 JavaThread "jar transforms Thread 31" [_thread_blocked, id=5200, stack(0x000000536d600000,0x000000536d700000)]
  0x000001e80a12b000 JavaThread "jar transforms Thread 32" [_thread_blocked, id=6200, stack(0x000000536d700000,0x000000536d800000)]
  0x000001e80a128000 JavaThread "jar transforms Thread 33" [_thread_blocked, id=5544, stack(0x000000536d800000,0x000000536d900000)]
  0x000001e80a12a800 JavaThread "jar transforms Thread 34" [_thread_blocked, id=5500, stack(0x000000536d900000,0x000000536da00000)]
  0x000001e80a127000 JavaThread "jar transforms Thread 35" [_thread_blocked, id=2012, stack(0x000000536da00000,0x000000536db00000)]
  0x000001e80a12c000 JavaThread "jar transforms Thread 36" [_thread_blocked, id=4788, stack(0x000000536db00000,0x000000536dc00000)]
  0x000001e80a128800 JavaThread "jar transforms Thread 37" [_thread_blocked, id=4760, stack(0x000000536dc00000,0x000000536dd00000)]
  0x000001e80a12d800 JavaThread "jar transforms Thread 38" [_thread_blocked, id=8460, stack(0x000000536dd00000,0x000000536de00000)]
  0x000001e80a12e800 JavaThread "jar transforms Thread 39" [_thread_blocked, id=9368, stack(0x000000536de00000,0x000000536df00000)]
  0x000001e80a132800 JavaThread "jar transforms Thread 40" [_thread_blocked, id=8884, stack(0x000000536df00000,0x000000536e000000)]
  0x000001e80a12c800 JavaThread "jar transforms Thread 41" [_thread_blocked, id=1552, stack(0x000000536e000000,0x000000536e100000)]
  0x000001e80a133000 JavaThread "jar transforms Thread 42" [_thread_blocked, id=1560, stack(0x000000536e100000,0x000000536e200000)]
  0x000001e80a12f000 JavaThread "jar transforms Thread 43" [_thread_blocked, id=1692, stack(0x000000536e200000,0x000000536e300000)]
  0x000001e80a131800 JavaThread "jar transforms Thread 44" [_thread_blocked, id=2240, stack(0x000000536e300000,0x000000536e400000)]
  0x000001e80a134000 JavaThread "jar transforms Thread 45" [_thread_blocked, id=2336, stack(0x000000536e400000,0x000000536e500000)]
  0x000001e80a135800 JavaThread "jar transforms Thread 46" [_thread_blocked, id=2096, stack(0x000000536e500000,0x000000536e600000)]
  0x000001e80a135000 JavaThread "jar transforms Thread 47" [_thread_blocked, id=2520, stack(0x000000536e600000,0x000000536e700000)]
  0x000001e80a130000 JavaThread "jar transforms Thread 48" [_thread_blocked, id=9268, stack(0x000000536e700000,0x000000536e800000)]
  0x000001e80a131000 JavaThread "jar transforms Thread 49" [_thread_blocked, id=3848, stack(0x000000536e800000,0x000000536e900000)]
  0x000001e80735b000 JavaThread "jar transforms Thread 50" [_thread_blocked, id=9048, stack(0x000000536e900000,0x000000536ea00000)]
  0x000001e807356800 JavaThread "jar transforms Thread 51" [_thread_blocked, id=6024, stack(0x000000536ea00000,0x000000536eb00000)]
  0x000001e807359000 JavaThread "jar transforms Thread 52" [_thread_blocked, id=1884, stack(0x000000536eb00000,0x000000536ec00000)]
  0x000001e80735a800 JavaThread "jar transforms Thread 53" [_thread_blocked, id=3556, stack(0x000000536ec00000,0x000000536ed00000)]
  0x000001e80735c000 JavaThread "jar transforms Thread 54" [_thread_blocked, id=2020, stack(0x000000536ed00000,0x000000536ee00000)]
  0x000001e807359800 JavaThread "jar transforms Thread 55" [_thread_blocked, id=1088, stack(0x000000536ee00000,0x000000536ef00000)]
  0x000001e80735d000 JavaThread "jar transforms Thread 56" [_thread_blocked, id=1084, stack(0x000000536ef00000,0x000000536f000000)]
  0x000001e807357000 JavaThread "jar transforms Thread 57" [_thread_blocked, id=2924, stack(0x000000536f000000,0x000000536f100000)]
  0x000001e807358000 JavaThread "jar transforms Thread 58" [_thread_blocked, id=10244, stack(0x000000536f100000,0x000000536f200000)]
  0x000001e807363800 JavaThread "jar transforms Thread 59" [_thread_blocked, id=10248, stack(0x000000536f200000,0x000000536f300000)]
  0x000001e80735f800 JavaThread "jar transforms Thread 60" [_thread_blocked, id=10252, stack(0x000000536f300000,0x000000536f400000)]
  0x000001e807360000 JavaThread "jar transforms Thread 61" [_thread_blocked, id=10256, stack(0x000000536f400000,0x000000536f500000)]
  0x000001e80735d800 JavaThread "jar transforms Thread 62" [_thread_blocked, id=10260, stack(0x000000536f500000,0x000000536f600000)]
  0x000001e80735e800 JavaThread "jar transforms Thread 63" [_thread_blocked, id=10264, stack(0x000000536f600000,0x000000536f700000)]
  0x000001e807362800 JavaThread "jar transforms Thread 64" [_thread_blocked, id=10268, stack(0x000000536f700000,0x000000536f800000)]
  0x000001e807361000 JavaThread "jar transforms Thread 65" [_thread_blocked, id=10272, stack(0x000000536f800000,0x000000536f900000)]
  0x000001e807364000 JavaThread "jar transforms Thread 66" [_thread_blocked, id=10276, stack(0x000000536f900000,0x000000536fa00000)]
  0x000001e807365000 JavaThread "jar transforms Thread 67" [_thread_blocked, id=10280, stack(0x000000536fa00000,0x000000536fb00000)]
  0x000001e807362000 JavaThread "jar transforms Thread 68" [_thread_blocked, id=10284, stack(0x000000536fb00000,0x000000536fc00000)]
  0x000001e8069d6000 JavaThread "jar transforms Thread 69" [_thread_blocked, id=10288, stack(0x000000536fc00000,0x000000536fd00000)]
  0x000001e8069d5800 JavaThread "jar transforms Thread 70" [_thread_blocked, id=10292, stack(0x000000536fd00000,0x000000536fe00000)]
  0x000001e8069d3800 JavaThread "jar transforms Thread 71" [_thread_blocked, id=10296, stack(0x000000536fe00000,0x000000536ff00000)]
  0x000001e8069d7000 JavaThread "jar transforms Thread 72" [_thread_blocked, id=10300, stack(0x000000536ff00000,0x0000005370000000)]
  0x000001e8069d1800 JavaThread "jar transforms Thread 73" [_thread_blocked, id=10304, stack(0x0000005370000000,0x0000005370100000)]
  0x000001e8069d8000 JavaThread "jar transforms Thread 74" [_thread_blocked, id=10308, stack(0x0000005370100000,0x0000005370200000)]
  0x000001e8069d4800 JavaThread "jar transforms Thread 75" [_thread_blocked, id=10312, stack(0x0000005370200000,0x0000005370300000)]
  0x000001e8069d3000 JavaThread "jar transforms Thread 76" [_thread_blocked, id=10316, stack(0x0000005370300000,0x0000005370400000)]
  0x000001e8069d2000 JavaThread "jar transforms Thread 77" [_thread_blocked, id=10320, stack(0x0000005370400000,0x0000005370500000)]
  0x000001e8069de800 JavaThread "jar transforms Thread 78" [_thread_blocked, id=10324, stack(0x0000005370500000,0x0000005370600000)]
  0x000001e8069d8800 JavaThread "jar transforms Thread 79" [_thread_blocked, id=10328, stack(0x0000005370600000,0x0000005370700000)]
  0x000001e8069df000 JavaThread "jar transforms Thread 80" [_thread_blocked, id=10332, stack(0x0000005370700000,0x0000005370800000)]
  0x000001e8069dd800 JavaThread "jar transforms Thread 81" [_thread_blocked, id=10336, stack(0x0000005370800000,0x0000005370900000)]
  0x000001e8069db000 JavaThread "jar transforms Thread 82" [_thread_blocked, id=10340, stack(0x0000005370900000,0x0000005370a00000)]
  0x000001e8069dc800 JavaThread "jar transforms Thread 83" [_thread_blocked, id=10344, stack(0x0000005370a00000,0x0000005370b00000)]
  0x000001e8069dc000 JavaThread "jar transforms Thread 84" [_thread_blocked, id=10348, stack(0x0000005370b00000,0x0000005370c00000)]
  0x000001e8069d9800 JavaThread "jar transforms Thread 85" [_thread_blocked, id=10352, stack(0x0000005370c00000,0x0000005370d00000)]
  0x000001e8069e0000 JavaThread "jar transforms Thread 86" [_thread_blocked, id=10356, stack(0x0000005370d00000,0x0000005370e00000)]
  0x000001e8069da800 JavaThread "jar transforms Thread 87" [_thread_blocked, id=10360, stack(0x0000005370e00000,0x0000005370f00000)]
  0x000001e807278000 JavaThread "jar transforms Thread 88" [_thread_blocked, id=10364, stack(0x0000005370f00000,0x0000005371000000)]
  0x000001e807274000 JavaThread "jar transforms Thread 89" [_thread_blocked, id=10368, stack(0x0000005371000000,0x0000005371100000)]
  0x000001e807275000 JavaThread "jar transforms Thread 90" [_thread_blocked, id=10372, stack(0x0000005371100000,0x0000005371200000)]
  0x000001e807276800 JavaThread "jar transforms Thread 91" [_thread_blocked, id=10376, stack(0x0000005371200000,0x0000005371300000)]
  0x000001e807276000 JavaThread "jar transforms Thread 92" [_thread_blocked, id=10380, stack(0x0000005371300000,0x0000005371400000)]
  0x000001e807277800 JavaThread "jar transforms Thread 93" [_thread_blocked, id=10384, stack(0x0000005371400000,0x0000005371500000)]
  0x000001e807279000 JavaThread "jar transforms Thread 94" [_thread_blocked, id=10388, stack(0x0000005371500000,0x0000005371600000)]
  0x000001e807273800 JavaThread "jar transforms Thread 95" [_thread_blocked, id=10392, stack(0x0000005371600000,0x0000005371700000)]
  0x000001e80727e800 JavaThread "jar transforms Thread 96" [_thread_blocked, id=10396, stack(0x0000005371700000,0x0000005371800000)]
  0x000001e80727c800 JavaThread "jar transforms Thread 97" [_thread_blocked, id=10400, stack(0x0000005371800000,0x0000005371900000)]
  0x000001e80727f800 JavaThread "jar transforms Thread 98" [_thread_blocked, id=10404, stack(0x0000005371900000,0x0000005371a00000)]
  0x000001e80727a000 JavaThread "jar transforms Thread 99" [_thread_blocked, id=10408, stack(0x0000005371a00000,0x0000005371b00000)]
  0x000001e807280800 JavaThread "jar transforms Thread 100" [_thread_blocked, id=10412, stack(0x0000005371b00000,0x0000005371c00000)]
  0x000001e80727b800 JavaThread "jar transforms Thread 101" [_thread_blocked, id=10416, stack(0x0000005371c00000,0x0000005371d00000)]
  0x000001e80727a800 JavaThread "jar transforms Thread 102" [_thread_blocked, id=10420, stack(0x0000005371d00000,0x0000005371e00000)]
  0x000001e80727d000 JavaThread "jar transforms Thread 103" [_thread_blocked, id=10424, stack(0x0000005371e00000,0x0000005371f00000)]
  0x000001e80727e000 JavaThread "jar transforms Thread 104" [_thread_blocked, id=10428, stack(0x0000005371f00000,0x0000005372000000)]
  0x000001e807281000 JavaThread "jar transforms Thread 105" [_thread_blocked, id=10432, stack(0x0000005372000000,0x0000005372100000)]
  0x000001e807282000 JavaThread "jar transforms Thread 106" [_thread_blocked, id=10436, stack(0x0000005372100000,0x0000005372200000)]
  0x000001e808c11000 JavaThread "jar transforms Thread 107" [_thread_blocked, id=10440, stack(0x0000005372200000,0x0000005372300000)]
  0x000001e808c12000 JavaThread "jar transforms Thread 108" [_thread_blocked, id=10444, stack(0x0000005372300000,0x0000005372400000)]
  0x000001e808c0f800 JavaThread "jar transforms Thread 109" [_thread_blocked, id=10448, stack(0x0000005372400000,0x0000005372500000)]
  0x000001e808c16000 JavaThread "jar transforms Thread 110" [_thread_blocked, id=10452, stack(0x0000005372500000,0x0000005372600000)]
  0x000001e808c10800 JavaThread "jar transforms Thread 111" [_thread_blocked, id=10456, stack(0x0000005372600000,0x0000005372700000)]
  0x000001e808c13000 JavaThread "jar transforms Thread 112" [_thread_blocked, id=10460, stack(0x0000005372700000,0x0000005372800000)]
  0x000001e808c14800 JavaThread "jar transforms Thread 113" [_thread_blocked, id=10464, stack(0x0000005372800000,0x0000005372900000)]
  0x000001e808c18000 JavaThread "jar transforms Thread 114" [_thread_blocked, id=10468, stack(0x0000005372900000,0x0000005372a00000)]
  0x000001e808c13800 JavaThread "jar transforms Thread 115" [_thread_blocked, id=10472, stack(0x0000005372a00000,0x0000005372b00000)]
  0x000001e808c1b000 JavaThread "jar transforms Thread 116" [_thread_blocked, id=10476, stack(0x0000005372b00000,0x0000005372c00000)]
  0x000001e808c19800 JavaThread "jar transforms Thread 117" [_thread_blocked, id=10480, stack(0x0000005372c00000,0x0000005372d00000)]
  0x000001e808c15800 JavaThread "jar transforms Thread 118" [_thread_blocked, id=10484, stack(0x0000005372d00000,0x0000005372e00000)]
  0x000001e808c18800 JavaThread "jar transforms Thread 119" [_thread_blocked, id=10488, stack(0x0000005372e00000,0x0000005372f00000)]
  0x000001e808c1a000 JavaThread "jar transforms Thread 120" [_thread_blocked, id=10492, stack(0x0000005372f00000,0x0000005373000000)]
  0x000001e808c1c000 JavaThread "jar transforms Thread 121" [_thread_blocked, id=10496, stack(0x0000005373000000,0x0000005373100000)]
  0x000001e808c1c800 JavaThread "jar transforms Thread 122" [_thread_blocked, id=10500, stack(0x0000005373100000,0x0000005373200000)]
  0x000001e808c17000 JavaThread "jar transforms Thread 123" [_thread_blocked, id=10504, stack(0x0000005373200000,0x0000005373300000)]
  0x000001e808c1d800 JavaThread "jar transforms Thread 124" [_thread_blocked, id=10508, stack(0x0000005373300000,0x0000005373400000)]
  0x000001e808c1e800 JavaThread "Memory manager" [_thread_blocked, id=10516, stack(0x0000005373400000,0x0000005373500000)]
  0x000001e804b46800 JavaThread "build event listener" [_thread_blocked, id=10628, stack(0x0000005373500000,0x0000005373600000)]
  0x000001e804b44800 JavaThread "pool-3-thread-1" [_thread_blocked, id=10632, stack(0x0000005373600000,0x0000005373700000)]
  0x000001e804b48800 JavaThread "build event listener" [_thread_blocked, id=10636, stack(0x0000005373700000,0x0000005373800000)]
  0x000001e804b4a000 JavaThread "Execution worker for ':'" [_thread_blocked, id=10640, stack(0x0000005373800000,0x0000005373900000)]
  0x000001e804b49000 JavaThread "Execution worker for ':' Thread 2" [_thread_blocked, id=10644, stack(0x0000005373900000,0x0000005373a00000)]
  0x000001e804b4b000 JavaThread "Execution worker for ':' Thread 3" [_thread_blocked, id=10648, stack(0x0000005373a00000,0x0000005373b00000)]
  0x000001e804b45000 JavaThread "Cache worker for execution history cache (C:\Users\Denis\AndroidStudioProjects\AppForRentaTeam\.gradle\6.7.1\executionHistory)" [_thread_blocked, id=10652, stack(0x0000005373b00000,0x0000005373c00000)]
  0x000001e80b23c800 JavaThread "C2 CompilerThread1" daemon [_thread_blocked, id=10980, stack(0x0000005369a00000,0x0000005369b00000)]

Other Threads:
  0x000001e87fd77800 VMThread "VM Thread" [stack: 0x0000005368f00000,0x0000005369000000] [id=5728]
  0x000001e8049c7000 WatcherThread [stack: 0x0000005369900000,0x0000005369a00000] [id=5600]
  0x000001e869ba2000 GCTaskThread "GC Thread#0" [stack: 0x0000005368a00000,0x0000005368b00000] [id=5512]
  0x000001e804ca2800 GCTaskThread "GC Thread#1" [stack: 0x0000005369b00000,0x0000005369c00000] [id=3664]
  0x000001e8053f7800 GCTaskThread "GC Thread#2" [stack: 0x0000005369c00000,0x0000005369d00000] [id=2228]
  0x000001e80563c800 GCTaskThread "GC Thread#3" [stack: 0x000000536a900000,0x000000536aa00000] [id=7352]
  0x000001e869bd3800 ConcurrentGCThread "G1 Main Marker" [stack: 0x0000005368b00000,0x0000005368c00000] [id=5508]
  0x000001e869bd6000 ConcurrentGCThread "G1 Conc#0" [stack: 0x0000005368c00000,0x0000005368d00000] [id=1872]
  0x000001e869c65000 ConcurrentGCThread "G1 Refine#0" [stack: 0x0000005368d00000,0x0000005368e00000] [id=1696]
  0x000001e869c66000 ConcurrentGCThread "G1 Young RemSet Sampling" [stack: 0x0000005368e00000,0x0000005368f00000] [id=5720]

Threads with active compile tasks:
C2 CompilerThread0  14970 10774   !   4       java.net.URL::<init> (543 bytes)

VM state:not at safepoint (normal execution)

VM Mutex/Monitor currently owned by a thread: None

Heap address: 0x0000000080000000, size: 2048 MB, Compressed Oops mode: 32-bit
Narrow klass base: 0x0000000000000000, Narrow klass shift: 3
Compressed class space size: 1073741824 Address: 0x0000000100000000

Heap:
 garbage-first heap   total 227328K, used 116525K [0x0000000080000000, 0x0000000100000000)
  region size 1024K, 43 young (44032K), 10 survivors (10240K)
 Metaspace       used 88090K, capacity 90210K, committed 90496K, reserved 1128448K
  class space    used 11289K, capacity 12043K, committed 12160K, reserved 1048576K
Heap Regions: E=young(eden), S=young(survivor), O=old, HS=humongous(starts), HC=humongous(continues), CS=collection set, F=free, A=archive, TAMS=top-at-mark-start (previous, next)
|   0|0x0000000080000000, 0x0000000080100000, 0x0000000080100000|100%| O|  |TAMS 0x0000000080100000, 0x0000000080000000| Untracked 
|   1|0x0000000080100000, 0x0000000080200000, 0x0000000080200000|100%| O|  |TAMS 0x0000000080200000, 0x0000000080100000| Untracked 
|   2|0x0000000080200000, 0x0000000080300000, 0x0000000080300000|100%| O|  |TAMS 0x0000000080300000, 0x0000000080200000| Untracked 
|   3|0x0000000080300000, 0x0000000080400000, 0x0000000080400000|100%|HS|  |TAMS 0x0000000080400000, 0x0000000080300000| Complete 
|   4|0x0000000080400000, 0x0000000080500000, 0x0000000080500000|100%|HC|  |TAMS 0x0000000080500000, 0x0000000080400000| Complete 
|   5|0x0000000080500000, 0x0000000080600000, 0x0000000080600000|100%|HC|  |TAMS 0x0000000080600000, 0x0000000080500000| Complete 
|   6|0x0000000080600000, 0x0000000080700000, 0x0000000080700000|100%| O|  |TAMS 0x0000000080700000, 0x0000000080600000| Untracked 
|   7|0x0000000080700000, 0x0000000080800000, 0x0000000080800000|100%| O|  |TAMS 0x0000000080800000, 0x0000000080700000| Untracked 
|   8|0x0000000080800000, 0x0000000080900000, 0x0000000080900000|100%| O|  |TAMS 0x0000000080900000, 0x0000000080800000| Untracked 
|   9|0x0000000080900000, 0x0000000080a00000, 0x0000000080a00000|100%| O|  |TAMS 0x0000000080a00000, 0x0000000080900000| Untracked 
|  10|0x0000000080a00000, 0x0000000080b00000, 0x0000000080b00000|100%| O|  |TAMS 0x0000000080b00000, 0x0000000080a00000| Untracked 
|  11|0x0000000080b00000, 0x0000000080c00000, 0x0000000080c00000|100%| O|  |TAMS 0x0000000080c00000, 0x0000000080b00000| Untracked 
|  12|0x0000000080c00000, 0x0000000080d00000, 0x0000000080d00000|100%| O|  |TAMS 0x0000000080d00000, 0x0000000080c00000| Untracked 
|  13|0x0000000080d00000, 0x0000000080e00000, 0x0000000080e00000|100%|HS|  |TAMS 0x0000000080e00000, 0x0000000080d00000| Complete 
|  14|0x0000000080e00000, 0x0000000080f00000, 0x0000000080f00000|100%|HS|  |TAMS 0x0000000080f00000, 0x0000000080e00000| Complete 
|  15|0x0000000080f00000, 0x0000000081000000, 0x0000000081000000|100%|HS|  |TAMS 0x0000000081000000, 0x0000000080f00000| Complete 
|  16|0x0000000081000000, 0x0000000081100000, 0x0000000081100000|100%|HC|  |TAMS 0x0000000081100000, 0x0000000081000000| Complete 
|  17|0x0000000081100000, 0x0000000081200000, 0x0000000081200000|100%| O|  |TAMS 0x0000000081200000, 0x0000000081100000| Untracked 
|  18|0x0000000081200000, 0x0000000081300000, 0x0000000081300000|100%| O|  |TAMS 0x0000000081300000, 0x0000000081200000| Untracked 
|  19|0x0000000081300000, 0x0000000081400000, 0x0000000081400000|100%| O|  |TAMS 0x0000000081400000, 0x0000000081300000| Untracked 
|  20|0x0000000081400000, 0x0000000081500000, 0x0000000081500000|100%|HS|  |TAMS 0x0000000081500000, 0x0000000081400000| Complete 
|  21|0x0000000081500000, 0x0000000081600000, 0x0000000081600000|100%|HC|  |TAMS 0x0000000081600000, 0x0000000081500000| Complete 
|  22|0x0000000081600000, 0x0000000081700000, 0x0000000081700000|100%|HC|  |TAMS 0x0000000081700000, 0x0000000081600000| Complete 
|  23|0x0000000081700000, 0x0000000081800000, 0x0000000081800000|100%| O|  |TAMS 0x0000000081800000, 0x0000000081700000| Untracked 
|  24|0x0000000081800000, 0x0000000081900000, 0x0000000081900000|100%| O|  |TAMS 0x0000000081900000, 0x0000000081800000| Untracked 
|  25|0x0000000081900000, 0x0000000081a00000, 0x0000000081a00000|100%| O|  |TAMS 0x0000000081a00000, 0x0000000081900000| Untracked 
|  26|0x0000000081a00000, 0x0000000081b00000, 0x0000000081b00000|100%| O|  |TAMS 0x0000000081b00000, 0x0000000081a00000| Untracked 
|  27|0x0000000081b00000, 0x0000000081c00000, 0x0000000081c00000|100%| O|  |TAMS 0x0000000081c00000, 0x0000000081b00000| Untracked 
|  28|0x0000000081c00000, 0x0000000081d00000, 0x0000000081d00000|100%| O|  |TAMS 0x0000000081d00000, 0x0000000081c00000| Untracked 
|  29|0x0000000081d00000, 0x0000000081e00000, 0x0000000081e00000|100%| O|  |TAMS 0x0000000081e00000, 0x0000000081d00000| Untracked 
|  30|0x0000000081e00000, 0x0000000081f00000, 0x0000000081f00000|100%| O|  |TAMS 0x0000000081f00000, 0x0000000081e00000| Untracked 
|  31|0x0000000081f00000, 0x0000000082000000, 0x0000000082000000|100%| O|  |TAMS 0x0000000082000000, 0x0000000081f00000| Untracked 
|  32|0x0000000082000000, 0x0000000082100000, 0x0000000082100000|100%| O|  |TAMS 0x0000000082100000, 0x0000000082000000| Untracked 
|  33|0x0000000082100000, 0x0000000082200000, 0x0000000082200000|100%| O|  |TAMS 0x0000000082200000, 0x0000000082100000| Untracked 
|  34|0x0000000082200000, 0x0000000082300000, 0x0000000082300000|100%| O|  |TAMS 0x0000000082300000, 0x0000000082200000| Untracked 
|  35|0x0000000082300000, 0x0000000082400000, 0x0000000082400000|100%| O|  |TAMS 0x0000000082400000, 0x0000000082300000| Untracked 
|  36|0x0000000082400000, 0x0000000082500000, 0x0000000082500000|100%| O|  |TAMS 0x0000000082500000, 0x0000000082400000| Untracked 
|  37|0x0000000082500000, 0x0000000082600000, 0x0000000082600000|100%| O|  |TAMS 0x0000000082600000, 0x0000000082500000| Untracked 
|  38|0x0000000082600000, 0x0000000082700000, 0x0000000082700000|100%| O|  |TAMS 0x0000000082700000, 0x0000000082600000| Untracked 
|  39|0x0000000082700000, 0x0000000082800000, 0x0000000082800000|100%| O|  |TAMS 0x0000000082800000, 0x0000000082700000| Untracked 
|  40|0x0000000082800000, 0x0000000082900000, 0x0000000082900000|100%| O|  |TAMS 0x0000000082900000, 0x0000000082800000| Untracked 
|  41|0x0000000082900000, 0x0000000082a00000, 0x0000000082a00000|100%| O|  |TAMS 0x0000000082a00000, 0x0000000082900000| Untracked 
|  42|0x0000000082a00000, 0x0000000082b00000, 0x0000000082b00000|100%| O|  |TAMS 0x0000000082b00000, 0x0000000082a00000| Untracked 
|  43|0x0000000082b00000, 0x0000000082c00000, 0x0000000082c00000|100%| O|  |TAMS 0x0000000082c00000, 0x0000000082b00000| Untracked 
|  44|0x0000000082c00000, 0x0000000082d00000, 0x0000000082d00000|100%| O|  |TAMS 0x0000000082d00000, 0x0000000082c00000| Untracked 
|  45|0x0000000082d00000, 0x0000000082e00000, 0x0000000082e00000|100%| O|  |TAMS 0x0000000082d00000, 0x0000000082d00000| Untracked 
|  46|0x0000000082e00000, 0x0000000082f00000, 0x0000000082f00000|100%| O|  |TAMS 0x0000000082f00000, 0x0000000082e00000| Untracked 
|  47|0x0000000082f00000, 0x0000000083000000, 0x0000000083000000|100%| O|  |TAMS 0x0000000083000000, 0x0000000082f00000| Untracked 
|  48|0x0000000083000000, 0x0000000083100000, 0x0000000083100000|100%| O|  |TAMS 0x00000000830c6c00, 0x0000000083000000| Untracked 
|  49|0x0000000083100000, 0x0000000083200000, 0x0000000083200000|100%| O|  |TAMS 0x0000000083100000, 0x0000000083100000| Untracked 
|  50|0x0000000083200000, 0x0000000083300000, 0x0000000083300000|100%| O|  |TAMS 0x0000000083200000, 0x0000000083200000| Untracked 
|  51|0x0000000083300000, 0x0000000083400000, 0x0000000083400000|100%| O|  |TAMS 0x0000000083300000, 0x0000000083300000| Untracked 
|  52|0x0000000083400000, 0x0000000083500000, 0x0000000083500000|100%| O|  |TAMS 0x0000000083400000, 0x0000000083400000| Untracked 
|  53|0x0000000083500000, 0x0000000083600000, 0x0000000083600000|100%| O|  |TAMS 0x0000000083500000, 0x0000000083500000| Untracked 
|  54|0x0000000083600000, 0x0000000083700000, 0x0000000083700000|100%| O|  |TAMS 0x0000000083600000, 0x0000000083600000| Untracked 
|  55|0x0000000083700000, 0x0000000083800000, 0x0000000083800000|100%| O|  |TAMS 0x0000000083700000, 0x0000000083700000| Untracked 
|  56|0x0000000083800000, 0x0000000083900000, 0x0000000083900000|100%| O|  |TAMS 0x0000000083800000, 0x0000000083800000| Untracked 
|  57|0x0000000083900000, 0x0000000083a00000, 0x0000000083a00000|100%| O|  |TAMS 0x0000000083900000, 0x0000000083900000| Untracked 
|  58|0x0000000083a00000, 0x0000000083b00000, 0x0000000083b00000|100%| O|  |TAMS 0x0000000083a00000, 0x0000000083a00000| Untracked 
|  59|0x0000000083b00000, 0x0000000083c00000, 0x0000000083c00000|100%| O|  |TAMS 0x0000000083b00000, 0x0000000083b00000| Untracked 
|  60|0x0000000083c00000, 0x0000000083d00000, 0x0000000083d00000|100%| O|  |TAMS 0x0000000083c00000, 0x0000000083c00000| Untracked 
|  61|0x0000000083d00000, 0x0000000083e00000, 0x0000000083e00000|100%| O|  |TAMS 0x0000000083d00000, 0x0000000083d00000| Untracked 
|  62|0x0000000083e00000, 0x0000000083f00000, 0x0000000083f00000|100%| O|  |TAMS 0x0000000083e00000, 0x0000000083e00000| Untracked 
|  63|0x0000000083f00000, 0x0000000084000000, 0x0000000084000000|100%| O|  |TAMS 0x0000000083f00000, 0x0000000083f00000| Untracked 
|  64|0x0000000084000000, 0x0000000084100000, 0x0000000084100000|100%| O|  |TAMS 0x0000000084000000, 0x0000000084000000| Untracked 
|  65|0x0000000084100000, 0x0000000084200000, 0x0000000084200000|100%| O|  |TAMS 0x0000000084100000, 0x0000000084100000| Untracked 
|  66|0x0000000084200000, 0x0000000084300000, 0x0000000084300000|100%| O|  |TAMS 0x0000000084200000, 0x0000000084200000| Untracked 
|  67|0x0000000084300000, 0x0000000084400000, 0x0000000084400000|100%| O|  |TAMS 0x0000000084300000, 0x0000000084300000| Untracked 
|  68|0x0000000084400000, 0x0000000084500000, 0x0000000084500000|100%| O|  |TAMS 0x0000000084400000, 0x0000000084400000| Untracked 
|  69|0x0000000084500000, 0x0000000084600000, 0x0000000084600000|100%| O|  |TAMS 0x0000000084500000, 0x0000000084500000| Untracked 
|  70|0x0000000084600000, 0x0000000084700000, 0x0000000084700000|100%| O|  |TAMS 0x0000000084600000, 0x0000000084600000| Untracked 
|  71|0x0000000084700000, 0x00000000847dc400, 0x0000000084800000| 86%| O|  |TAMS 0x0000000084700000, 0x0000000084700000| Untracked 
|  72|0x0000000084800000, 0x0000000084800000, 0x0000000084900000|  0%| F|  |TAMS 0x0000000084800000, 0x0000000084800000| Untracked 
|  73|0x0000000084900000, 0x0000000084900000, 0x0000000084a00000|  0%| F|  |TAMS 0x0000000084900000, 0x0000000084900000| Untracked 
|  74|0x0000000084a00000, 0x0000000084a00000, 0x0000000084b00000|  0%| F|  |TAMS 0x0000000084a00000, 0x0000000084a00000| Untracked 
|  75|0x0000000084b00000, 0x0000000084b00000, 0x0000000084c00000|  0%| F|  |TAMS 0x0000000084b00000, 0x0000000084b00000| Untracked 
|  76|0x0000000084c00000, 0x0000000084c00000, 0x0000000084d00000|  0%| F|  |TAMS 0x0000000084c00000, 0x0000000084c00000| Untracked 
|  77|0x0000000084d00000, 0x0000000084d00000, 0x0000000084e00000|  0%| F|  |TAMS 0x0000000084d00000, 0x0000000084d00000| Untracked 
|  78|0x0000000084e00000, 0x0000000084e00000, 0x0000000084f00000|  0%| F|  |TAMS 0x0000000084e00000, 0x0000000084e00000| Untracked 
|  79|0x0000000084f00000, 0x0000000084f00000, 0x0000000085000000|  0%| F|  |TAMS 0x0000000084f00000, 0x0000000084f00000| Untracked 
|  80|0x0000000085000000, 0x0000000085000000, 0x0000000085100000|  0%| F|  |TAMS 0x0000000085000000, 0x0000000085000000| Untracked 
|  81|0x0000000085100000, 0x0000000085100000, 0x0000000085200000|  0%| F|  |TAMS 0x0000000085100000, 0x0000000085100000| Untracked 
|  82|0x0000000085200000, 0x0000000085200000, 0x0000000085300000|  0%| F|  |TAMS 0x0000000085200000, 0x0000000085200000| Untracked 
|  83|0x0000000085300000, 0x0000000085300000, 0x0000000085400000|  0%| F|  |TAMS 0x0000000085300000, 0x0000000085300000| Untracked 
|  84|0x0000000085400000, 0x0000000085400000, 0x0000000085500000|  0%| F|  |TAMS 0x0000000085400000, 0x0000000085400000| Untracked 
|  85|0x0000000085500000, 0x0000000085500000, 0x0000000085600000|  0%| F|  |TAMS 0x0000000085500000, 0x0000000085500000| Untracked 
|  86|0x0000000085600000, 0x0000000085600000, 0x0000000085700000|  0%| F|  |TAMS 0x0000000085600000, 0x0000000085600000| Untracked 
|  87|0x0000000085700000, 0x0000000085700000, 0x0000000085800000|  0%| F|  |TAMS 0x0000000085700000, 0x0000000085700000| Untracked 
|  88|0x0000000085800000, 0x0000000085800000, 0x0000000085900000|  0%| F|  |TAMS 0x0000000085800000, 0x0000000085800000| Untracked 
|  89|0x0000000085900000, 0x0000000085900000, 0x0000000085a00000|  0%| F|  |TAMS 0x0000000085900000, 0x0000000085900000| Untracked 
|  90|0x0000000085a00000, 0x0000000085a00000, 0x0000000085b00000|  0%| F|  |TAMS 0x0000000085a00000, 0x0000000085a00000| Untracked 
|  91|0x0000000085b00000, 0x0000000085b00000, 0x0000000085c00000|  0%| F|  |TAMS 0x0000000085b00000, 0x0000000085b00000| Untracked 
|  92|0x0000000085c00000, 0x0000000085c00000, 0x0000000085d00000|  0%| F|  |TAMS 0x0000000085c00000, 0x0000000085c00000| Untracked 
|  93|0x0000000085d00000, 0x0000000085d00000, 0x0000000085e00000|  0%| F|  |TAMS 0x0000000085d00000, 0x0000000085d00000| Untracked 
|  94|0x0000000085e00000, 0x0000000085e00000, 0x0000000085f00000|  0%| F|  |TAMS 0x0000000085e00000, 0x0000000085e00000| Untracked 
|  95|0x0000000085f00000, 0x0000000085f00000, 0x0000000086000000|  0%| F|  |TAMS 0x0000000085f00000, 0x0000000085f00000| Untracked 
|  96|0x0000000086000000, 0x0000000086000000, 0x0000000086100000|  0%| F|  |TAMS 0x0000000086000000, 0x0000000086000000| Untracked 
|  97|0x0000000086100000, 0x0000000086100000, 0x0000000086200000|  0%| F|  |TAMS 0x0000000086100000, 0x0000000086100000| Untracked 
|  98|0x0000000086200000, 0x0000000086200000, 0x0000000086300000|  0%| F|  |TAMS 0x0000000086200000, 0x0000000086200000| Untracked 
|  99|0x0000000086300000, 0x0000000086300000, 0x0000000086400000|  0%| F|  |TAMS 0x0000000086300000, 0x0000000086300000| Untracked 
| 100|0x0000000086400000, 0x0000000086400000, 0x0000000086500000|  0%| F|  |TAMS 0x0000000086400000, 0x0000000086400000| Untracked 
| 101|0x0000000086500000, 0x0000000086500000, 0x0000000086600000|  0%| F|  |TAMS 0x0000000086500000, 0x0000000086500000| Untracked 
| 102|0x0000000086600000, 0x0000000086600000, 0x0000000086700000|  0%| F|  |TAMS 0x0000000086600000, 0x0000000086600000| Untracked 
| 103|0x0000000086700000, 0x0000000086700000, 0x0000000086800000|  0%| F|  |TAMS 0x0000000086700000, 0x0000000086700000| Untracked 
| 104|0x0000000086800000, 0x0000000086800000, 0x0000000086900000|  0%| F|  |TAMS 0x0000000086800000, 0x0000000086800000| Untracked 
| 105|0x0000000086900000, 0x0000000086900000, 0x0000000086a00000|  0%| F|  |TAMS 0x0000000086900000, 0x0000000086900000| Untracked 
| 106|0x0000000086a00000, 0x0000000086a00000, 0x0000000086b00000|  0%| F|  |TAMS 0x0000000086a00000, 0x0000000086a00000| Untracked 
| 107|0x0000000086b00000, 0x0000000086b00000, 0x0000000086c00000|  0%| F|  |TAMS 0x0000000086b00000, 0x0000000086b00000| Untracked 
| 108|0x0000000086c00000, 0x0000000086c00000, 0x0000000086d00000|  0%| F|  |TAMS 0x0000000086c00000, 0x0000000086c00000| Untracked 
| 109|0x0000000086d00000, 0x0000000086d00000, 0x0000000086e00000|  0%| F|  |TAMS 0x0000000086d00000, 0x0000000086d00000| Untracked 
| 110|0x0000000086e00000, 0x0000000086e00000, 0x0000000086f00000|  0%| F|  |TAMS 0x0000000086e00000, 0x0000000086e00000| Untracked 
| 111|0x0000000086f00000, 0x0000000086f00000, 0x0000000087000000|  0%| F|  |TAMS 0x0000000086f00000, 0x0000000086f00000| Untracked 
| 112|0x0000000087000000, 0x0000000087000000, 0x0000000087100000|  0%| F|  |TAMS 0x0000000087000000, 0x0000000087000000| Untracked 
| 113|0x0000000087100000, 0x0000000087100000, 0x0000000087200000|  0%| F|  |TAMS 0x0000000087100000, 0x0000000087100000| Untracked 
| 114|0x0000000087200000, 0x0000000087200000, 0x0000000087300000|  0%| F|  |TAMS 0x0000000087200000, 0x0000000087200000| Untracked 
| 115|0x0000000087300000, 0x0000000087300000, 0x0000000087400000|  0%| F|  |TAMS 0x0000000087300000, 0x0000000087300000| Untracked 
| 116|0x0000000087400000, 0x0000000087400000, 0x0000000087500000|  0%| F|  |TAMS 0x0000000087400000, 0x0000000087400000| Untracked 
| 117|0x0000000087500000, 0x0000000087500000, 0x0000000087600000|  0%| F|  |TAMS 0x0000000087500000, 0x0000000087500000| Untracked 
| 118|0x0000000087600000, 0x0000000087600000, 0x0000000087700000|  0%| F|  |TAMS 0x0000000087600000, 0x0000000087600000| Untracked 
| 119|0x0000000087700000, 0x0000000087700000, 0x0000000087800000|  0%| F|  |TAMS 0x0000000087700000, 0x0000000087700000| Untracked 
| 120|0x0000000087800000, 0x0000000087800000, 0x0000000087900000|  0%| F|  |TAMS 0x0000000087800000, 0x0000000087800000| Untracked 
| 121|0x0000000087900000, 0x0000000087900000, 0x0000000087a00000|  0%| F|  |TAMS 0x0000000087900000, 0x0000000087900000| Untracked 
| 122|0x0000000087a00000, 0x0000000087a00000, 0x0000000087b00000|  0%| F|  |TAMS 0x0000000087a00000, 0x0000000087a00000| Untracked 
| 123|0x0000000087b00000, 0x0000000087b00000, 0x0000000087c00000|  0%| F|  |TAMS 0x0000000087b00000, 0x0000000087b00000| Untracked 
| 124|0x0000000087c00000, 0x0000000087c00000, 0x0000000087d00000|  0%| F|  |TAMS 0x0000000087c00000, 0x0000000087c00000| Untracked 
| 125|0x0000000087d00000, 0x0000000087def2b0, 0x0000000087e00000| 93%| S|CS|TAMS 0x0000000087d00000, 0x0000000087d00000| Complete 
| 126|0x0000000087e00000, 0x0000000087f00000, 0x0000000087f00000|100%| S|CS|TAMS 0x0000000087e00000, 0x0000000087e00000| Complete 
| 127|0x0000000087f00000, 0x0000000088000000, 0x0000000088000000|100%| S|CS|TAMS 0x0000000087f00000, 0x0000000087f00000| Complete 
| 128|0x0000000088000000, 0x0000000088100000, 0x0000000088100000|100%| S|CS|TAMS 0x0000000088000000, 0x0000000088000000| Complete 
| 129|0x0000000088100000, 0x0000000088200000, 0x0000000088200000|100%| S|CS|TAMS 0x0000000088100000, 0x0000000088100000| Complete 
| 130|0x0000000088200000, 0x0000000088300000, 0x0000000088300000|100%| S|CS|TAMS 0x0000000088200000, 0x0000000088200000| Complete 
| 131|0x0000000088300000, 0x0000000088400000, 0x0000000088400000|100%| S|CS|TAMS 0x0000000088300000, 0x0000000088300000| Complete 
| 132|0x0000000088400000, 0x0000000088500000, 0x0000000088500000|100%| S|CS|TAMS 0x0000000088400000, 0x0000000088400000| Complete 
| 133|0x0000000088500000, 0x0000000088600000, 0x0000000088600000|100%| S|CS|TAMS 0x0000000088500000, 0x0000000088500000| Complete 
| 134|0x0000000088600000, 0x0000000088700000, 0x0000000088700000|100%| S|CS|TAMS 0x0000000088600000, 0x0000000088600000| Complete 
| 135|0x0000000088700000, 0x0000000088700000, 0x0000000088800000|  0%| F|  |TAMS 0x0000000088700000, 0x0000000088700000| Untracked 
| 136|0x0000000088800000, 0x0000000088800000, 0x0000000088900000|  0%| F|  |TAMS 0x0000000088800000, 0x0000000088800000| Untracked 
| 137|0x0000000088900000, 0x0000000088900000, 0x0000000088a00000|  0%| F|  |TAMS 0x0000000088900000, 0x0000000088900000| Untracked 
| 138|0x0000000088a00000, 0x0000000088a00000, 0x0000000088b00000|  0%| F|  |TAMS 0x0000000088a00000, 0x0000000088a00000| Untracked 
| 139|0x0000000088b00000, 0x0000000088b00000, 0x0000000088c00000|  0%| F|  |TAMS 0x0000000088b00000, 0x0000000088b00000| Untracked 
| 140|0x0000000088c00000, 0x0000000088c00000, 0x0000000088d00000|  0%| F|  |TAMS 0x0000000088c00000, 0x0000000088c00000| Untracked 
| 141|0x0000000088d00000, 0x0000000088d00000, 0x0000000088e00000|  0%| F|  |TAMS 0x0000000088d00000, 0x0000000088d00000| Untracked 
| 142|0x0000000088e00000, 0x0000000088e00000, 0x0000000088f00000|  0%| F|  |TAMS 0x0000000088e00000, 0x0000000088e00000| Untracked 
| 143|0x0000000088f00000, 0x0000000088f00000, 0x0000000089000000|  0%| F|  |TAMS 0x0000000088f00000, 0x0000000088f00000| Untracked 
| 144|0x0000000089000000, 0x0000000089000000, 0x0000000089100000|  0%| F|  |TAMS 0x0000000089000000, 0x0000000089000000| Untracked 
| 145|0x0000000089100000, 0x0000000089100000, 0x0000000089200000|  0%| F|  |TAMS 0x0000000089100000, 0x0000000089100000| Untracked 
| 146|0x0000000089200000, 0x0000000089200000, 0x0000000089300000|  0%| F|  |TAMS 0x0000000089200000, 0x0000000089200000| Untracked 
| 147|0x0000000089300000, 0x0000000089300000, 0x0000000089400000|  0%| F|  |TAMS 0x0000000089300000, 0x0000000089300000| Untracked 
| 148|0x0000000089400000, 0x0000000089400000, 0x0000000089500000|  0%| F|  |TAMS 0x0000000089400000, 0x0000000089400000| Untracked 
| 149|0x0000000089500000, 0x0000000089500000, 0x0000000089600000|  0%| F|  |TAMS 0x0000000089500000, 0x0000000089500000| Untracked 
| 150|0x0000000089600000, 0x0000000089600000, 0x0000000089700000|  0%| F|  |TAMS 0x0000000089600000, 0x0000000089600000| Untracked 
| 151|0x0000000089700000, 0x0000000089700000, 0x0000000089800000|  0%| F|  |TAMS 0x0000000089700000, 0x0000000089700000| Untracked 
| 152|0x0000000089800000, 0x0000000089800000, 0x0000000089900000|  0%| F|  |TAMS 0x0000000089800000, 0x0000000089800000| Untracked 
| 153|0x0000000089900000, 0x0000000089900000, 0x0000000089a00000|  0%| F|  |TAMS 0x0000000089900000, 0x0000000089900000| Untracked 
| 154|0x0000000089a00000, 0x0000000089a00000, 0x0000000089b00000|  0%| F|  |TAMS 0x0000000089a00000, 0x0000000089a00000| Untracked 
| 155|0x0000000089b00000, 0x0000000089b00000, 0x0000000089c00000|  0%| F|  |TAMS 0x0000000089b00000, 0x0000000089b00000| Untracked 
| 156|0x0000000089c00000, 0x0000000089c00000, 0x0000000089d00000|  0%| F|  |TAMS 0x0000000089c00000, 0x0000000089c00000| Untracked 
| 157|0x0000000089d00000, 0x0000000089d00000, 0x0000000089e00000|  0%| F|  |TAMS 0x0000000089d00000, 0x0000000089d00000| Untracked 
| 158|0x0000000089e00000, 0x0000000089e00000, 0x0000000089f00000|  0%| F|  |TAMS 0x0000000089e00000, 0x0000000089e00000| Untracked 
| 159|0x0000000089f00000, 0x0000000089f00000, 0x000000008a000000|  0%| F|  |TAMS 0x0000000089f00000, 0x0000000089f00000| Untracked 
| 160|0x000000008a000000, 0x000000008a000000, 0x000000008a100000|  0%| F|  |TAMS 0x000000008a000000, 0x000000008a000000| Untracked 
| 161|0x000000008a100000, 0x000000008a100000, 0x000000008a200000|  0%| F|  |TAMS 0x000000008a100000, 0x000000008a100000| Untracked 
| 162|0x000000008a200000, 0x000000008a200000, 0x000000008a300000|  0%| F|  |TAMS 0x000000008a200000, 0x000000008a200000| Untracked 
| 163|0x000000008a300000, 0x000000008a300000, 0x000000008a400000|  0%| F|  |TAMS 0x000000008a300000, 0x000000008a300000| Untracked 
| 164|0x000000008a400000, 0x000000008a400000, 0x000000008a500000|  0%| F|  |TAMS 0x000000008a400000, 0x000000008a400000| Untracked 
| 165|0x000000008a500000, 0x000000008a500000, 0x000000008a600000|  0%| F|  |TAMS 0x000000008a500000, 0x000000008a500000| Untracked 
| 166|0x000000008a600000, 0x000000008a600000, 0x000000008a700000|  0%| F|  |TAMS 0x000000008a600000, 0x000000008a600000| Untracked 
| 167|0x000000008a700000, 0x000000008a700000, 0x000000008a800000|  0%| F|  |TAMS 0x000000008a700000, 0x000000008a700000| Untracked 
| 168|0x000000008a800000, 0x000000008a800000, 0x000000008a900000|  0%| F|  |TAMS 0x000000008a800000, 0x000000008a800000| Untracked 
| 169|0x000000008a900000, 0x000000008a900000, 0x000000008aa00000|  0%| F|  |TAMS 0x000000008a900000, 0x000000008a900000| Untracked 
| 170|0x000000008aa00000, 0x000000008aa00000, 0x000000008ab00000|  0%| F|  |TAMS 0x000000008aa00000, 0x000000008aa00000| Untracked 
| 171|0x000000008ab00000, 0x000000008ab00000, 0x000000008ac00000|  0%| F|  |TAMS 0x000000008ab00000, 0x000000008ab00000| Untracked 
| 172|0x000000008ac00000, 0x000000008ac00000, 0x000000008ad00000|  0%| F|  |TAMS 0x000000008ac00000, 0x000000008ac00000| Untracked 
| 173|0x000000008ad00000, 0x000000008ad00000, 0x000000008ae00000|  0%| F|  |TAMS 0x000000008ad00000, 0x000000008ad00000| Untracked 
| 174|0x000000008ae00000, 0x000000008ae00000, 0x000000008af00000|  0%| F|  |TAMS 0x000000008ae00000, 0x000000008ae00000| Untracked 
| 175|0x000000008af00000, 0x000000008af00000, 0x000000008b000000|  0%| F|  |TAMS 0x000000008af00000, 0x000000008af00000| Untracked 
| 176|0x000000008b000000, 0x000000008b000000, 0x000000008b100000|  0%| F|  |TAMS 0x000000008b000000, 0x000000008b000000| Untracked 
| 177|0x000000008b100000, 0x000000008b100000, 0x000000008b200000|  0%| F|  |TAMS 0x000000008b100000, 0x000000008b100000| Untracked 
| 178|0x000000008b200000, 0x000000008b200000, 0x000000008b300000|  0%| F|  |TAMS 0x000000008b200000, 0x000000008b200000| Untracked 
| 179|0x000000008b300000, 0x000000008b300000, 0x000000008b400000|  0%| F|  |TAMS 0x000000008b300000, 0x000000008b300000| Untracked 
| 180|0x000000008b400000, 0x000000008b400000, 0x000000008b500000|  0%| F|  |TAMS 0x000000008b400000, 0x000000008b400000| Untracked 
| 181|0x000000008b500000, 0x000000008b500000, 0x000000008b600000|  0%| F|  |TAMS 0x000000008b500000, 0x000000008b500000| Untracked 
| 182|0x000000008b600000, 0x000000008b600000, 0x000000008b700000|  0%| F|  |TAMS 0x000000008b600000, 0x000000008b600000| Untracked 
| 183|0x000000008b700000, 0x000000008b700000, 0x000000008b800000|  0%| F|  |TAMS 0x000000008b700000, 0x000000008b700000| Untracked 
| 184|0x000000008b800000, 0x000000008b800000, 0x000000008b900000|  0%| F|  |TAMS 0x000000008b800000, 0x000000008b800000| Untracked 
| 185|0x000000008b900000, 0x000000008b900000, 0x000000008ba00000|  0%| F|  |TAMS 0x000000008b900000, 0x000000008b900000| Untracked 
| 186|0x000000008ba00000, 0x000000008ba00000, 0x000000008bb00000|  0%| F|  |TAMS 0x000000008ba00000, 0x000000008ba00000| Untracked 
| 187|0x000000008bb00000, 0x000000008bb00000, 0x000000008bc00000|  0%| F|  |TAMS 0x000000008bb00000, 0x000000008bb00000| Untracked 
| 188|0x000000008bc00000, 0x000000008bc00000, 0x000000008bd00000|  0%| F|  |TAMS 0x000000008bc00000, 0x000000008bc00000| Untracked 
| 189|0x000000008bd00000, 0x000000008be00000, 0x000000008be00000|100%| E|  |TAMS 0x000000008bd00000, 0x000000008bd00000| Complete 
| 190|0x000000008be00000, 0x000000008bf00000, 0x000000008bf00000|100%| E|CS|TAMS 0x000000008be00000, 0x000000008be00000| Complete 
| 191|0x000000008bf00000, 0x000000008c000000, 0x000000008c000000|100%| E|CS|TAMS 0x000000008bf00000, 0x000000008bf00000| Complete 
| 192|0x000000008c000000, 0x000000008c100000, 0x000000008c100000|100%| E|CS|TAMS 0x000000008c000000, 0x000000008c000000| Complete 
| 193|0x000000008c100000, 0x000000008c200000, 0x000000008c200000|100%| E|CS|TAMS 0x000000008c100000, 0x000000008c100000| Complete 
| 194|0x000000008c200000, 0x000000008c300000, 0x000000008c300000|100%| E|CS|TAMS 0x000000008c200000, 0x000000008c200000| Complete 
| 195|0x000000008c300000, 0x000000008c400000, 0x000000008c400000|100%| E|CS|TAMS 0x000000008c300000, 0x000000008c300000| Complete 
| 196|0x000000008c400000, 0x000000008c500000, 0x000000008c500000|100%| E|CS|TAMS 0x000000008c400000, 0x000000008c400000| Complete 
| 197|0x000000008c500000, 0x000000008c600000, 0x000000008c600000|100%| E|CS|TAMS 0x000000008c500000, 0x000000008c500000| Complete 
| 198|0x000000008c600000, 0x000000008c700000, 0x000000008c700000|100%| E|CS|TAMS 0x000000008c600000, 0x000000008c600000| Complete 
| 199|0x000000008c700000, 0x000000008c800000, 0x000000008c800000|100%| E|CS|TAMS 0x000000008c700000, 0x000000008c700000| Complete 
| 200|0x000000008c800000, 0x000000008c900000, 0x000000008c900000|100%| E|CS|TAMS 0x000000008c800000, 0x000000008c800000| Complete 
| 201|0x000000008c900000, 0x000000008ca00000, 0x000000008ca00000|100%| E|CS|TAMS 0x000000008c900000, 0x000000008c900000| Complete 
| 202|0x000000008ca00000, 0x000000008cb00000, 0x000000008cb00000|100%| E|CS|TAMS 0x000000008ca00000, 0x000000008ca00000| Complete 
| 203|0x000000008cb00000, 0x000000008cc00000, 0x000000008cc00000|100%| E|CS|TAMS 0x000000008cb00000, 0x000000008cb00000| Complete 
| 204|0x000000008cc00000, 0x000000008cd00000, 0x000000008cd00000|100%| E|CS|TAMS 0x000000008cc00000, 0x000000008cc00000| Complete 
| 205|0x000000008cd00000, 0x000000008ce00000, 0x000000008ce00000|100%| E|CS|TAMS 0x000000008cd00000, 0x000000008cd00000| Complete 
| 206|0x000000008ce00000, 0x000000008cf00000, 0x000000008cf00000|100%| E|CS|TAMS 0x000000008ce00000, 0x000000008ce00000| Complete 
| 207|0x000000008cf00000, 0x000000008d000000, 0x000000008d000000|100%| E|CS|TAMS 0x000000008cf00000, 0x000000008cf00000| Complete 
| 208|0x000000008d000000, 0x000000008d100000, 0x000000008d100000|100%| E|CS|TAMS 0x000000008d000000, 0x000000008d000000| Complete 
| 209|0x000000008d100000, 0x000000008d200000, 0x000000008d200000|100%| E|CS|TAMS 0x000000008d100000, 0x000000008d100000| Complete 
| 210|0x000000008d200000, 0x000000008d300000, 0x000000008d300000|100%| E|CS|TAMS 0x000000008d200000, 0x000000008d200000| Complete 
| 211|0x000000008d300000, 0x000000008d400000, 0x000000008d400000|100%| E|CS|TAMS 0x000000008d300000, 0x000000008d300000| Complete 
| 212|0x000000008d400000, 0x000000008d500000, 0x000000008d500000|100%| E|CS|TAMS 0x000000008d400000, 0x000000008d400000| Complete 
| 213|0x000000008d500000, 0x000000008d600000, 0x000000008d600000|100%| E|CS|TAMS 0x000000008d500000, 0x000000008d500000| Complete 
| 214|0x000000008d600000, 0x000000008d700000, 0x000000008d700000|100%| E|CS|TAMS 0x000000008d600000, 0x000000008d600000| Complete 
| 215|0x000000008d700000, 0x000000008d800000, 0x000000008d800000|100%| E|CS|TAMS 0x000000008d700000, 0x000000008d700000| Complete 
| 216|0x000000008d800000, 0x000000008d900000, 0x000000008d900000|100%| E|CS|TAMS 0x000000008d800000, 0x000000008d800000| Complete 
| 217|0x000000008d900000, 0x000000008da00000, 0x000000008da00000|100%| E|CS|TAMS 0x000000008d900000, 0x000000008d900000| Complete 
| 218|0x000000008da00000, 0x000000008db00000, 0x000000008db00000|100%| E|CS|TAMS 0x000000008da00000, 0x000000008da00000| Complete 
| 219|0x000000008db00000, 0x000000008dc00000, 0x000000008dc00000|100%| E|CS|TAMS 0x000000008db00000, 0x000000008db00000| Complete 
| 220|0x000000008dc00000, 0x000000008dd00000, 0x000000008dd00000|100%| E|CS|TAMS 0x000000008dc00000, 0x000000008dc00000| Complete 
| 221|0x000000008dd00000, 0x000000008de00000, 0x000000008de00000|100%| E|CS|TAMS 0x000000008dd00000, 0x000000008dd00000| Complete 

Card table byte_map: [0x000001e87cf40000,0x000001e87d340000] _byte_map_base: 0x000001e87cb40000

Marking Bits (Prev, Next): (CMBitMap*) 0x000001e869bcadc8, (CMBitMap*) 0x000001e869bcae00
 Prev Bits: [0x000001e87d740000, 0x000001e87f740000)
 Next Bits: [0x000001e800000000, 0x000001e802000000)

Polling page: 0x000001e868250000

Metaspace:

Usage:
  Non-class:     76.33 MB capacity,    75.00 MB ( 98%) used,     1.12 MB (  1%) free+waste,   215.56 KB ( <1%) overhead. 
      Class:     11.76 MB capacity,    11.02 MB ( 94%) used,   658.29 KB (  5%) free+waste,    95.69 KB ( <1%) overhead. 
       Both:     88.10 MB capacity,    86.03 MB ( 98%) used,     1.77 MB (  2%) free+waste,   311.25 KB ( <1%) overhead. 

Virtual space:
  Non-class space:       78.00 MB reserved,      76.50 MB ( 98%) committed 
      Class space:        1.00 GB reserved,      11.88 MB (  1%) committed 
             Both:        1.08 GB reserved,      88.38 MB (  8%) committed 

Chunk freelists:
   Non-Class:  41.00 KB
       Class:  21.00 KB
        Both:  62.00 KB

MaxMetaspaceSize: 17179869184.00 GB
CompressedClassSpaceSize: 1.00 GB

CodeHeap 'non-profiled nmethods': size=120064Kb used=6291Kb max_used=6291Kb free=113772Kb
 bounds [0x000001e874fd0000, 0x000001e875600000, 0x000001e87c510000]
CodeHeap 'profiled nmethods': size=120000Kb used=23571Kb max_used=23571Kb free=96428Kb
 bounds [0x000001e86daa0000, 0x000001e86f1b0000, 0x000001e874fd0000]
CodeHeap 'non-nmethods': size=5696Kb used=2251Kb max_used=2292Kb free=3444Kb
 bounds [0x000001e86d510000, 0x000001e86d780000, 0x000001e86daa0000]
 total_blobs=11369 nmethods=10512 adapters=769
 compilation: enabled
              stopped_count=0, restarted_count=0
 full_count=0

Compilation events (20 events):
Event: 14.804 Thread 0x000001e87fdb8000 10762       3       org.gradle.api.internal.ConventionTask::getConventionMapping (28 bytes)
Event: 14.804 Thread 0x000001e87fdb8000 nmethod 10762 0x000001e86f1a3210 code [0x000001e86f1a3420, 0x000001e86f1a3bf8]
Event: 14.805 Thread 0x000001e87fdb8000 10763       1       org.gradle.internal.resources.AbstractTrackedResourceLock::getDisplayName (5 bytes)
Event: 14.805 Thread 0x000001e87fdb8000 nmethod 10763 0x000001e8755ed790 code [0x000001e8755ed940, 0x000001e8755ed9f8]
Event: 14.805 Thread 0x000001e87fdb8000 10764       3       com.google.common.cache.LocalCache$Segment::drainValueReferenceQueue (43 bytes)
Event: 14.805 Thread 0x000001e87fdb8000 nmethod 10764 0x000001e86f1a3e90 code [0x000001e86f1a40e0, 0x000001e86f1a4ae8]
Event: 14.805 Thread 0x000001e87fdb8000 10765       3       org.gradle.internal.extensibility.ConventionAwareHelper::getConventionValue (109 bytes)
Event: 14.806 Thread 0x000001e87fdb8000 nmethod 10765 0x000001e86f1a4e90 code [0x000001e86f1a50e0, 0x000001e86f1a5d08]
Event: 14.806 Thread 0x000001e80b23c800 nmethod 10728 0x000001e8755eda90 code [0x000001e8755edca0, 0x000001e8755eef48]
Event: 14.808 Thread 0x000001e87fdb0000 10766       4       org.gradle.internal.snapshot.RelativePathSegmentsTracker::isRoot (13 bytes)
Event: 14.809 Thread 0x000001e87fdb0000 nmethod 10766 0x000001e8755efd90 code [0x000001e8755eff20, 0x000001e8755eff98]
Event: 14.827 Thread 0x000001e80b23c800 10771       4       org.objectweb.asm.SymbolTable::addConstant (330 bytes)
Event: 14.830 Thread 0x000001e87fdb0000 10772       4       org.objectweb.asm.MethodWriter::computeMethodInfoSize (571 bytes)
Event: 14.836 Thread 0x000001e87fdb0000 nmethod 10772 0x000001e8755f0810 code [0x000001e8755f0a60, 0x000001e8755f1160]
Event: 14.836 Thread 0x000001e87fdb8000 10773       3       org.gradle.api.DefaultTask::getOutputs (5 bytes)
Event: 14.836 Thread 0x000001e87fdb8000 nmethod 10773 0x000001e86f1a5f90 code [0x000001e86f1a6140, 0x000001e86f1a6258]
Event: 14.837 Thread 0x000001e87fdb0000 10774   !   4       java.net.URL::<init> (543 bytes)
Event: 14.859 Thread 0x000001e87fdb8000 10775       3       java.util.ArrayDeque::push (6 bytes)
Event: 14.859 Thread 0x000001e87fdb8000 nmethod 10775 0x000001e86f1a6310 code [0x000001e86f1a64c0, 0x000001e86f1a65e8]
Event: 14.875 Thread 0x000001e80b23c800 nmethod 10771 0x000001e8755f1810 code [0x000001e8755f1b20, 0x000001e8755f3a08]

GC Heap History (20 events):
Event: 4.940 GC heap before
{Heap before GC invocations=9 (full 0):
 garbage-first heap   total 157696K, used 110457K [0x0000000080000000, 0x0000000100000000)
  region size 1024K, 92 young (94208K), 9 survivors (9216K)
 Metaspace       used 42297K, capacity 43307K, committed 43520K, reserved 1087488K
  class space    used 5441K, capacity 5830K, committed 5888K, reserved 1048576K
}
Event: 4.955 GC heap after
{Heap after GC invocations=10 (full 0):
 garbage-first heap   total 157696K, used 27488K [0x0000000080000000, 0x0000000100000000)
  region size 1024K, 12 young (12288K), 12 survivors (12288K)
 Metaspace       used 42297K, capacity 43307K, committed 43520K, reserved 1087488K
  class space    used 5441K, capacity 5830K, committed 5888K, reserved 1048576K
}
Event: 6.259 GC heap before
{Heap before GC invocations=10 (full 0):
 garbage-first heap   total 157696K, used 115552K [0x0000000080000000, 0x0000000100000000)
  region size 1024K, 92 young (94208K), 12 survivors (12288K)
 Metaspace       used 45398K, capacity 46582K, committed 46848K, reserved 1089536K
  class space    used 5820K, capacity 6281K, committed 6400K, reserved 1048576K
}
Event: 6.285 GC heap after
{Heap after GC invocations=11 (full 0):
 garbage-first heap   total 157696K, used 45039K [0x0000000080000000, 0x0000000100000000)
  region size 1024K, 12 young (12288K), 12 survivors (12288K)
 Metaspace       used 45398K, capacity 46582K, committed 46848K, reserved 1089536K
  class space    used 5820K, capacity 6281K, committed 6400K, reserved 1048576K
}
Event: 7.294 GC heap before
{Heap before GC invocations=11 (full 0):
 garbage-first heap   total 157696K, used 113647K [0x0000000080000000, 0x0000000100000000)
  region size 1024K, 79 young (80896K), 12 survivors (12288K)
 Metaspace       used 54290K, capacity 55721K, committed 55808K, reserved 1097728K
  class space    used 6922K, capacity 7416K, committed 7424K, reserved 1048576K
}
Event: 7.304 GC heap after
{Heap after GC invocations=12 (full 0):
 garbage-first heap   total 189440K, used 49664K [0x0000000080000000, 0x0000000100000000)
  region size 1024K, 4 young (4096K), 4 survivors (4096K)
 Metaspace       used 54290K, capacity 55721K, committed 55808K, reserved 1097728K
  class space    used 6922K, capacity 7416K, committed 7424K, reserved 1048576K
}
Event: 7.758 GC heap before
{Heap before GC invocations=12 (full 0):
 garbage-first heap   total 189440K, used 83456K [0x0000000080000000, 0x0000000100000000)
  region size 1024K, 38 young (38912K), 4 survivors (4096K)
 Metaspace       used 58479K, capacity 60034K, committed 60160K, reserved 1101824K
  class space    used 7449K, capacity 7993K, committed 8064K, reserved 1048576K
}
Event: 7.766 GC heap after
{Heap after GC invocations=13 (full 0):
 garbage-first heap   total 189440K, used 52698K [0x0000000080000000, 0x0000000100000000)
  region size 1024K, 7 young (7168K), 7 survivors (7168K)
 Metaspace       used 58479K, capacity 60034K, committed 60160K, reserved 1101824K
  class space    used 7449K, capacity 7993K, committed 8064K, reserved 1048576K
}
Event: 8.585 GC heap before
{Heap before GC invocations=14 (full 0):
 garbage-first heap   total 189440K, used 134618K [0x0000000080000000, 0x0000000100000000)
  region size 1024K, 87 young (89088K), 7 survivors (7168K)
 Metaspace       used 64912K, capacity 66480K, committed 66816K, reserved 1107968K
  class space    used 8287K, capacity 8874K, committed 8960K, reserved 1048576K
}
Event: 8.602 GC heap after
{Heap after GC invocations=15 (full 0):
 garbage-first heap   total 189440K, used 58415K [0x0000000080000000, 0x0000000100000000)
  region size 1024K, 10 young (10240K), 10 survivors (10240K)
 Metaspace       used 64912K, capacity 66480K, committed 66816K, reserved 1107968K
  class space    used 8287K, capacity 8874K, committed 8960K, reserved 1048576K
}
Event: 9.696 GC heap before
{Heap before GC invocations=16 (full 0):
 garbage-first heap   total 189440K, used 139311K [0x0000000080000000, 0x0000000100000000)
  region size 1024K, 89 young (91136K), 10 survivors (10240K)
 Metaspace       used 74029K, capacity 75745K, committed 75904K, reserved 1114112K
  class space    used 9681K, capacity 10363K, committed 10368K, reserved 1048576K
}
Event: 9.709 GC heap after
{Heap after GC invocations=17 (full 0):
 garbage-first heap   total 189440K, used 63216K [0x0000000080000000, 0x0000000100000000)
  region size 1024K, 11 young (11264K), 11 survivors (11264K)
 Metaspace       used 74029K, capacity 75745K, committed 75904K, reserved 1114112K
  class space    used 9681K, capacity 10363K, committed 10368K, reserved 1048576K
}
Event: 10.998 GC heap before
{Heap before GC invocations=17 (full 0):
 garbage-first heap   total 189440K, used 148208K [0x0000000080000000, 0x0000000100000000)
  region size 1024K, 90 young (92160K), 11 survivors (11264K)
 Metaspace       used 80786K, capacity 82766K, committed 82944K, reserved 1120256K
  class space    used 10431K, capacity 11144K, committed 11264K, reserved 1048576K
}
Event: 11.012 GC heap after
{Heap after GC invocations=18 (full 0):
 garbage-first heap   total 189440K, used 69573K [0x0000000080000000, 0x0000000100000000)
  region size 1024K, 11 young (11264K), 11 survivors (11264K)
 Metaspace       used 80786K, capacity 82766K, committed 82944K, reserved 1120256K
  class space    used 10431K, capacity 11144K, committed 11264K, reserved 1048576K
}
Event: 12.009 GC heap before
{Heap before GC invocations=18 (full 0):
 garbage-first heap   total 189440K, used 146373K [0x0000000080000000, 0x0000000100000000)
  region size 1024K, 87 young (89088K), 11 survivors (11264K)
 Metaspace       used 81595K, capacity 83569K, committed 83712K, reserved 1122304K
  class space    used 10498K, capacity 11209K, committed 11264K, reserved 1048576K
}
Event: 12.023 GC heap after
{Heap after GC invocations=19 (full 0):
 garbage-first heap   total 189440K, used 76036K [0x0000000080000000, 0x0000000100000000)
  region size 1024K, 7 young (7168K), 7 survivors (7168K)
 Metaspace       used 81595K, capacity 83569K, committed 83712K, reserved 1122304K
  class space    used 10498K, capacity 11209K, committed 11264K, reserved 1048576K
}
Event: 12.822 GC heap before
{Heap before GC invocations=19 (full 0):
 garbage-first heap   total 189440K, used 148740K [0x0000000080000000, 0x0000000100000000)
  region size 1024K, 79 young (80896K), 7 survivors (7168K)
 Metaspace       used 82290K, capacity 84286K, committed 84608K, reserved 1122304K
  class space    used 10564K, capacity 11295K, committed 11392K, reserved 1048576K
}
Event: 12.833 GC heap after
{Heap after GC invocations=20 (full 0):
 garbage-first heap   total 227328K, used 80457K [0x0000000080000000, 0x0000000100000000)
  region size 1024K, 7 young (7168K), 7 survivors (7168K)
 Metaspace       used 82290K, capacity 84286K, committed 84608K, reserved 1122304K
  class space    used 10564K, capacity 11295K, committed 11392K, reserved 1048576K
}
Event: 14.196 GC heap before
{Heap before GC invocations=20 (full 0):
 garbage-first heap   total 227328K, used 169545K [0x0000000080000000, 0x0000000100000000)
  region size 1024K, 94 young (96256K), 7 survivors (7168K)
 Metaspace       used 86034K, capacity 88036K, committed 88320K, reserved 1126400K
  class space    used 11027K, capacity 11746K, committed 11776K, reserved 1048576K
}
Event: 14.208 GC heap after
{Heap after GC invocations=21 (full 0):
 garbage-first heap   total 227328K, used 83757K [0x0000000080000000, 0x0000000100000000)
  region size 1024K, 10 young (10240K), 10 survivors (10240K)
 Metaspace       used 86034K, capacity 88036K, committed 88320K, reserved 1126400K
  class space    used 11027K, capacity 11746K, committed 11776K, reserved 1048576K
}

Deoptimization events (20 events):
Event: 14.489 Thread 0x000001e80580d800 Uncommon trap: trap_request=0xffffff7e fr.pc=0x000001e8755cc720 relative=0x0000000000000360
Event: 14.489 Thread 0x000001e80580d800 Uncommon trap: reason=predicate action=maybe_recompile pc=0x000001e8755cc720 method=java.util.AbstractCollection.toArray([Ljava/lang/Object;)[Ljava/lang/Object; @ 43 c2
Event: 14.489 Thread 0x000001e80580d800 DEOPT PACKING pc=0x000001e8755cc720 sp=0x000000536a5f8af0
Event: 14.489 Thread 0x000001e80580d800 DEOPT UNPACKING pc=0x000001e86d5366a9 sp=0x000000536a5f8a88 mode 2
Event: 14.761 Thread 0x000001e80580d800 Uncommon trap: trap_request=0xffffff4d fr.pc=0x000001e87553ec38 relative=0x00000000000050b8
Event: 14.761 Thread 0x000001e80580d800 Uncommon trap: reason=unstable_if action=reinterpret pc=0x000001e87553ec38 method=org.gradle.internal.fingerprint.classpath.impl.ClasspathFingerprintingStrategy$ClasspathFingerprintVisitor.visit(Lorg/gradle/internal/snapshot/CompleteFileSystemLocationSnap
Event: 14.761 Thread 0x000001e80580d800 DEOPT PACKING pc=0x000001e87553ec38 sp=0x000000536a5f98d0
Event: 14.761 Thread 0x000001e80580d800 DEOPT UNPACKING pc=0x000001e86d5366a9 sp=0x000000536a5f9858 mode 2
Event: 14.761 Thread 0x000001e80580d800 Uncommon trap: trap_request=0xffffff4d fr.pc=0x000001e875535658 relative=0x0000000000003338
Event: 14.761 Thread 0x000001e80580d800 Uncommon trap: reason=unstable_if action=reinterpret pc=0x000001e875535658 method=org.gradle.internal.fingerprint.classpath.impl.ClasspathFingerprintingStrategy$ClasspathFingerprintVisitor.visit(Lorg/gradle/internal/snapshot/CompleteFileSystemLocationSnap
Event: 14.761 Thread 0x000001e80580d800 DEOPT PACKING pc=0x000001e875535658 sp=0x000000536a5f9830
Event: 14.761 Thread 0x000001e80580d800 DEOPT UNPACKING pc=0x000001e86d5366a9 sp=0x000000536a5f9840 mode 2
Event: 14.817 Thread 0x000001e80580d800 Uncommon trap: trap_request=0xffffff4d fr.pc=0x000001e87548033c relative=0x000000000000065c
Event: 14.817 Thread 0x000001e80580d800 Uncommon trap: reason=unstable_if action=reinterpret pc=0x000001e87548033c method=org.gradle.internal.snapshot.VfsRelativePath.lengthOfCommonPrefix(Ljava/lang/String;Lorg/gradle/internal/snapshot/CaseSensitivity;)I @ 107 c2
Event: 14.817 Thread 0x000001e80580d800 DEOPT PACKING pc=0x000001e87548033c sp=0x000000536a5f7650
Event: 14.817 Thread 0x000001e80580d800 DEOPT UNPACKING pc=0x000001e86d5366a9 sp=0x000000536a5f75f0 mode 2
Event: 14.819 Thread 0x000001e80580d800 Uncommon trap: trap_request=0xffffff4d fr.pc=0x000001e8754b5bf4 relative=0x0000000000000734
Event: 14.819 Thread 0x000001e80580d800 Uncommon trap: reason=unstable_if action=reinterpret pc=0x000001e8754b5bf4 method=org.gradle.internal.snapshot.SearchUtil.binarySearch(Ljava/util/List;Ljava/lang/Comparable;)I @ 8 c2
Event: 14.819 Thread 0x000001e80580d800 DEOPT PACKING pc=0x000001e8754b5bf4 sp=0x000000536a5f7840
Event: 14.819 Thread 0x000001e80580d800 DEOPT UNPACKING pc=0x000001e86d5366a9 sp=0x000000536a5f77d0 mode 2

Classes redefined (0 events):
No events

Internal exceptions (20 events):
Event: 12.369 Thread 0x000001e80580d800 Exception <a 'java/lang/ClassNotFoundException'{0x000000008a063530}: groovy/util/slurpersupport/NodeChildCustomizer> (0x000000008a063530) thrown at [./src/hotspot/share/classfile/systemDictionary.cpp, line 231]
Event: 12.380 Thread 0x000001e80580d800 Exception <a 'java/lang/ClassNotFoundException'{0x0000000089f481b0}: groovy/util/slurpersupport/AttributesBeanInfo> (0x0000000089f481b0) thrown at [./src/hotspot/share/classfile/systemDictionary.cpp, line 231]
Event: 12.380 Thread 0x000001e80580d800 Exception <a 'java/lang/ClassNotFoundException'{0x0000000089f57e08}: groovy/util/slurpersupport/NodeChildrenBeanInfo> (0x0000000089f57e08) thrown at [./src/hotspot/share/classfile/systemDictionary.cpp, line 231]
Event: 12.381 Thread 0x000001e80580d800 Exception <a 'java/lang/ClassNotFoundException'{0x0000000089f67ab0}: groovy/util/slurpersupport/NodeChildrenCustomizer> (0x0000000089f67ab0) thrown at [./src/hotspot/share/classfile/systemDictionary.cpp, line 231]
Event: 12.381 Thread 0x000001e80580d800 Exception <a 'java/lang/ClassNotFoundException'{0x0000000089f7e670}: groovy/util/slurpersupport/AttributesCustomizer> (0x0000000089f7e670) thrown at [./src/hotspot/share/classfile/systemDictionary.cpp, line 231]
Event: 12.387 Thread 0x000001e80580d800 Exception <a 'java/lang/ClassNotFoundException'{0x0000000089e4bf70}: groovy/util/slurpersupport/AttributeBeanInfo> (0x0000000089e4bf70) thrown at [./src/hotspot/share/classfile/systemDictionary.cpp, line 231]
Event: 12.387 Thread 0x000001e80580d800 Exception <a 'java/lang/ClassNotFoundException'{0x0000000089e5bb98}: groovy/util/slurpersupport/AttributeCustomizer> (0x0000000089e5bb98) thrown at [./src/hotspot/share/classfile/systemDictionary.cpp, line 231]
Event: 12.412 Thread 0x000001e80580d800 Exception <a 'java/lang/NoSuchMethodError'{0x0000000089ecf188}: 'void java.lang.invoke.DirectMethodHandle$Holder.invokeStatic(java.lang.Object, java.lang.Object, java.lang.Object, java.lang.Object, int, java.lang.Object)'> (0x0000000089ecf188) thrown at [./src/hotspot/share/interpreter/linkResolver.cpp, line 773]
Event: 12.537 Thread 0x000001e80580d800 Exception <a 'java/lang/NoSuchMethodError'{0x00000000898f5dc8}: <clinit>> (0x00000000898f5dc8) thrown at [./src/hotspot/share/prims/jni.cpp, line 1362]
Event: 12.698 Thread 0x000001e80580d800 Exception <a 'java/lang/NoSuchMethodError'{0x000000008873a8f0}: <clinit>> (0x000000008873a8f0) thrown at [./src/hotspot/share/prims/jni.cpp, line 1362]
Event: 12.699 Thread 0x000001e80580d800 Exception <a 'java/lang/NoSuchMethodError'{0x000000008873c408}: <clinit>> (0x000000008873c408) thrown at [./src/hotspot/share/prims/jni.cpp, line 1362]
Event: 12.699 Thread 0x000001e80580d800 Exception <a 'java/lang/NoSuchMethodError'{0x000000008873f0c8}: <clinit>> (0x000000008873f0c8) thrown at [./src/hotspot/share/prims/jni.cpp, line 1362]
Event: 12.700 Thread 0x000001e80580d800 Exception <a 'java/lang/NoSuchMethodError'{0x00000000887603e8}: <clinit>> (0x00000000887603e8) thrown at [./src/hotspot/share/prims/jni.cpp, line 1362]
Event: 12.700 Thread 0x000001e80580d800 Exception <a 'java/lang/NoSuchMethodError'{0x0000000088761e18}: <clinit>> (0x0000000088761e18) thrown at [./src/hotspot/share/prims/jni.cpp, line 1362]
Event: 14.753 Thread 0x000001e80580d800 Exception <a 'sun/nio/fs/WindowsException'{0x000000008c21d690}> (0x000000008c21d690) thrown at [./src/hotspot/share/prims/jni.cpp, line 615]
Event: 14.754 Thread 0x000001e80580d800 Exception <a 'sun/nio/fs/WindowsException'{0x000000008c21efa0}> (0x000000008c21efa0) thrown at [./src/hotspot/share/prims/jni.cpp, line 615]
Event: 14.817 Thread 0x000001e80580d800 Exception <a 'java/lang/NoSuchMethodError'{0x000000008be5f248}: 'java.lang.Object java.lang.invoke.DirectMethodHandle$Holder.invokeSpecial(java.lang.Object, java.lang.Object, int, java.lang.Object, java.lang.Object)'> (0x000000008be5f248) thrown at [./src/hotspot/share/interpreter/linkResolver.cpp, line 773]
Event: 14.818 Thread 0x000001e80580d800 Exception <a 'java/lang/NoSuchMethodError'{0x000000008be67fd0}: 'java.lang.Object java.lang.invoke.DirectMethodHandle$Holder.invokeStatic(java.lang.Object, java.lang.Object, int, java.lang.Object)'> (0x000000008be67fd0) thrown at [./src/hotspot/share/interpreter/linkResolver.cpp, line 773]
Event: 14.818 Thread 0x000001e80580d800 Exception <a 'java/lang/NoSuchMethodError'{0x000000008be6c4c0}: 'java.lang.Object java.lang.invoke.Invokers$Holder.linkToTargetMethod(java.lang.Object, int, java.lang.Object, java.lang.Object)'> (0x000000008be6c4c0) thrown at [./src/hotspot/share/interpreter/linkResolver.cpp, line 773]
Event: 14.820 Thread 0x000001e80580d800 Exception <a 'java/lang/NoSuchMethodError'{0x000000008be83f00}: 'void java.lang.invoke.DirectMethodHandle$Holder.invokeVirtual(java.lang.Object, java.lang.Object)'> (0x000000008be83f00) thrown at [./src/hotspot/share/interpreter/linkResolver.cpp, line 773]

Events (20 events):
Event: 14.836 loading class kotlin/io/FileWalkDirection
Event: 14.836 loading class kotlin/io/FileWalkDirection done
Event: 14.837 loading class kotlin/io/FileTreeWalk
Event: 14.837 loading class kotlin/io/FileTreeWalk done
Event: 14.837 loading class kotlin/io/FileTreeWalk$FileTreeWalkIterator
Event: 14.837 loading class kotlin/io/FileTreeWalk$FileTreeWalkIterator done
Event: 14.837 loading class kotlin/collections/AbstractIterator
Event: 14.837 loading class kotlin/collections/AbstractIterator done
Event: 14.838 loading class kotlin/collections/State
Event: 14.838 loading class kotlin/collections/State done
Event: 14.838 loading class kotlin/io/FileTreeWalk$FileTreeWalkIterator$WhenMappings
Event: 14.838 loading class kotlin/io/FileTreeWalk$FileTreeWalkIterator$WhenMappings done
Event: 14.839 loading class kotlin/io/FileTreeWalk$FileTreeWalkIterator$BottomUpDirectoryState
Event: 14.839 loading class kotlin/io/FileTreeWalk$FileTreeWalkIterator$BottomUpDirectoryState done
Event: 14.839 loading class kotlin/io/FileTreeWalk$DirectoryState
Event: 14.839 loading class kotlin/io/FileTreeWalk$DirectoryState done
Event: 14.839 loading class kotlin/io/FileTreeWalk$WalkState
Event: 14.839 loading class kotlin/io/FileTreeWalk$WalkState done
Event: 14.839 loading class kotlin/collections/AbstractIterator$WhenMappings
Event: 14.839 loading class kotlin/collections/AbstractIterator$WhenMappings done


Dynamic libraries:
0x00007ff66a190000 - 0x00007ff66a19a000 	C:\Program Files\Android\Android Studio\jre\bin\java.exe
0x00007ffe84590000 - 0x00007ffe84785000 	C:\WINDOWS\SYSTEM32\ntdll.dll
0x00007ffe82c50000 - 0x00007ffe82d0d000 	C:\WINDOWS\System32\KERNEL32.DLL
0x00007ffe82270000 - 0x00007ffe82538000 	C:\WINDOWS\System32\KERNELBASE.dll
0x00007ffe81f00000 - 0x00007ffe82000000 	C:\WINDOWS\System32\ucrtbase.dll
0x00007ffe42280000 - 0x00007ffe42297000 	C:\Program Files\Android\Android Studio\jre\bin\VCRUNTIME140.dll
0x00007ffe41f90000 - 0x00007ffe41fa9000 	C:\Program Files\Android\Android Studio\jre\bin\jli.dll
0x00007ffe82720000 - 0x00007ffe828c0000 	C:\WINDOWS\System32\USER32.dll
0x00007ffe81e30000 - 0x00007ffe81e52000 	C:\WINDOWS\System32\win32u.dll
0x00007ffe6bb70000 - 0x00007ffe6be0a000 	C:\WINDOWS\WinSxS\amd64_microsoft.windows.common-controls_6595b64144ccf1df_6.0.19041.844_none_ca00b6081b84eb1d\COMCTL32.dll
0x00007ffe837e0000 - 0x00007ffe8380a000 	C:\WINDOWS\System32\GDI32.dll
0x00007ffe82d10000 - 0x00007ffe82dae000 	C:\WINDOWS\System32\msvcrt.dll
0x00007ffe82090000 - 0x00007ffe8219b000 	C:\WINDOWS\System32\gdi32full.dll
0x00007ffe81e60000 - 0x00007ffe81efd000 	C:\WINDOWS\System32\msvcp_win.dll
0x00007ffe82ea0000 - 0x00007ffe82ed0000 	C:\WINDOWS\System32\IMM32.DLL
0x00007ffe39560000 - 0x00007ffe395fd000 	C:\Program Files\Android\Android Studio\jre\bin\msvcp140.dll
0x00007ffe429c0000 - 0x00007ffe4347c000 	C:\Program Files\Android\Android Studio\jre\bin\server\jvm.dll
0x00007ffe82af0000 - 0x00007ffe82b9c000 	C:\WINDOWS\System32\ADVAPI32.dll
0x00007ffe82a50000 - 0x00007ffe82aeb000 	C:\WINDOWS\System32\sechost.dll
0x00007ffe831e0000 - 0x00007ffe8330b000 	C:\WINDOWS\System32\RPCRT4.dll
0x00007ffe82db0000 - 0x00007ffe82db8000 	C:\WINDOWS\System32\PSAPI.DLL
0x00007ffe65710000 - 0x00007ffe65719000 	C:\WINDOWS\SYSTEM32\WSOCK32.dll
0x00007ffe6d430000 - 0x00007ffe6d457000 	C:\WINDOWS\SYSTEM32\WINMM.dll
0x00007ffe844e0000 - 0x00007ffe8454b000 	C:\WINDOWS\System32\WS2_32.dll
0x00007ffe7c9a0000 - 0x00007ffe7c9aa000 	C:\WINDOWS\SYSTEM32\VERSION.dll
0x00007ffe7fc40000 - 0x00007ffe7fc52000 	C:\WINDOWS\SYSTEM32\kernel.appcore.dll
0x00007ffe656f0000 - 0x00007ffe65701000 	C:\Program Files\Android\Android Studio\jre\bin\verify.dll
0x00007ffe6da60000 - 0x00007ffe6dc44000 	C:\WINDOWS\SYSTEM32\DBGHELP.DLL
0x00007ffe6d2e0000 - 0x00007ffe6d30c000 	C:\WINDOWS\SYSTEM32\dbgcore.DLL
0x00007ffe821a0000 - 0x00007ffe82220000 	C:\WINDOWS\System32\bcryptPrimitives.dll
0x00007ffe656c0000 - 0x00007ffe656e9000 	C:\Program Files\Android\Android Studio\jre\bin\java.dll
0x00007ffe656b0000 - 0x00007ffe656bb000 	C:\Program Files\Android\Android Studio\jre\bin\jimage.dll
0x00007ffe5a9e0000 - 0x00007ffe5a9f8000 	C:\Program Files\Android\Android Studio\jre\bin\zip.dll
0x00007ffe83990000 - 0x00007ffe840d2000 	C:\WINDOWS\System32\SHELL32.dll
0x00007ffe7fe40000 - 0x00007ffe805d0000 	C:\WINDOWS\SYSTEM32\windows.storage.dll
0x00007ffe840e0000 - 0x00007ffe84435000 	C:\WINDOWS\System32\combase.dll
0x00007ffe816d0000 - 0x00007ffe816fc000 	C:\WINDOWS\SYSTEM32\Wldp.dll
0x00007ffe82ba0000 - 0x00007ffe82c4e000 	C:\WINDOWS\System32\SHCORE.dll
0x00007ffe828c0000 - 0x00007ffe82915000 	C:\WINDOWS\System32\shlwapi.dll
0x00007ffe81c10000 - 0x00007ffe81c2f000 	C:\WINDOWS\SYSTEM32\profapi.dll
0x00007ffe44b50000 - 0x00007ffe44b6a000 	C:\Program Files\Android\Android Studio\jre\bin\net.dll
0x00007ffe7bd70000 - 0x00007ffe7be7b000 	C:\WINDOWS\SYSTEM32\WINHTTP.dll
0x00007ffe813e0000 - 0x00007ffe8144a000 	C:\WINDOWS\system32\mswsock.dll
0x00007ffe43910000 - 0x00007ffe43924000 	C:\Program Files\Android\Android Studio\jre\bin\nio.dll
0x00007ffe67490000 - 0x00007ffe674b7000 	C:\Users\Denis\.gradle\native\fdc75f09e3144964f2cf3f50f0aa648679c211496f362492102eb8c894070792\windows-amd64\native-platform.dll
0x00007ffe40310000 - 0x00007ffe404a6000 	C:\Users\Denis\.gradle\native\12488b8bf47d2d4c9fbf2f6322a914ad602e24e48041cd04a747c6da556b65c4\windows-amd64\native-platform-file-events.dll
0x00007ffe5f480000 - 0x00007ffe5f48a000 	C:\Program Files\Android\Android Studio\jre\bin\management.dll
0x00007ffe5ae90000 - 0x00007ffe5ae9c000 	C:\Program Files\Android\Android Studio\jre\bin\management_ext.dll
0x00007ffe815c0000 - 0x00007ffe815d8000 	C:\WINDOWS\SYSTEM32\CRYPTSP.dll
0x00007ffe80d80000 - 0x00007ffe80db4000 	C:\WINDOWS\system32\rsaenh.dll
0x00007ffe82060000 - 0x00007ffe82087000 	C:\WINDOWS\System32\bcrypt.dll
0x00007ffe81bd0000 - 0x00007ffe81bfe000 	C:\WINDOWS\SYSTEM32\USERENV.dll
0x00007ffe815b0000 - 0x00007ffe815bc000 	C:\WINDOWS\SYSTEM32\CRYPTBASE.dll
0x00007ffe810d0000 - 0x00007ffe8110b000 	C:\WINDOWS\SYSTEM32\IPHLPAPI.DLL
0x00007ffe844d0000 - 0x00007ffe844d8000 	C:\WINDOWS\System32\NSI.dll
0x00007ffe7cbf0000 - 0x00007ffe7cc07000 	C:\WINDOWS\SYSTEM32\dhcpcsvc6.DLL
0x00007ffe7caa0000 - 0x00007ffe7cabd000 	C:\WINDOWS\SYSTEM32\dhcpcsvc.DLL
0x00007ffe81110000 - 0x00007ffe811dc000 	C:\WINDOWS\SYSTEM32\DNSAPI.dll
0x00007ffe7cc10000 - 0x00007ffe7cc1b000 	C:\WINDOWS\SYSTEM32\WINNSI.DLL

dbghelp: loaded successfully - version: 4.0.5 - missing functions: none
symbol engine: initialized successfully - sym options: 0x614 - pdb path: .;C:\Program Files\Android\Android Studio\jre\bin;C:\WINDOWS\SYSTEM32;C:\WINDOWS\WinSxS\amd64_microsoft.windows.common-controls_6595b64144ccf1df_6.0.19041.844_none_ca00b6081b84eb1d;C:\Program Files\Android\Android Studio\jre\bin\server;C:\Users\Denis\.gradle\native\fdc75f09e3144964f2cf3f50f0aa648679c211496f362492102eb8c894070792\windows-amd64;C:\Users\Denis\.gradle\native\12488b8bf47d2d4c9fbf2f6322a914ad602e24e48041cd04a747c6da556b65c4\windows-amd64

VM Arguments:
jvm_args: --add-opens=java.base/java.util=ALL-UNNAMED --add-opens=java.base/java.lang=ALL-UNNAMED --add-opens=java.base/java.lang.invoke=ALL-UNNAMED --add-opens=java.prefs/java.util.prefs=ALL-UNNAMED -Xmx2048m -Dfile.encoding=UTF-8 -Duser.country=RU -Duser.language=ru -Duser.variant 
java_command: org.gradle.launcher.daemon.bootstrap.GradleDaemon 6.7.1
java_class_path (initial): C:\Users\Denis\.gradle\wrapper\dists\gradle-6.7.1-bin\bwlcbys1h7rz3272sye1xwiv6\gradle-6.7.1\lib\gradle-launcher-6.7.1.jar
Launcher Type: SUN_STANDARD

[Global flags]
     intx CICompilerCount                          = 3                                         {product} {ergonomic}
     uint ConcGCThreads                            = 1                                         {product} {ergonomic}
     uint G1ConcRefinementThreads                  = 4                                         {product} {ergonomic}
   size_t G1HeapRegionSize                         = 1048576                                   {product} {ergonomic}
    uintx GCDrainStackTargetSize                   = 64                                        {product} {ergonomic}
   size_t InitialHeapSize                          = 134217728                                 {product} {ergonomic}
   size_t MarkStackSize                            = 4194304                                   {product} {ergonomic}
   size_t MaxHeapSize                              = 2147483648                                {product} {command line}
   size_t MaxNewSize                               = 1287651328                                {product} {ergonomic}
   size_t MinHeapDeltaBytes                        = 1048576                                   {product} {ergonomic}
    uintx NonNMethodCodeHeapSize                   = 5830732                                {pd product} {ergonomic}
    uintx NonProfiledCodeHeapSize                  = 122913754                              {pd product} {ergonomic}
    uintx ProfiledCodeHeapSize                     = 122913754                              {pd product} {ergonomic}
    uintx ReservedCodeCacheSize                    = 251658240                              {pd product} {ergonomic}
     bool SegmentedCodeCache                       = true                                      {product} {ergonomic}
     bool UseCompressedClassPointers               = true                                 {lp64_product} {ergonomic}
     bool UseCompressedOops                        = true                                 {lp64_product} {ergonomic}
     bool UseG1GC                                  = true                                      {product} {ergonomic}
     bool UseLargePagesIndividualAllocation        = false                                  {pd product} {ergonomic}

Logging:
Log output configuration:
 #0: stdout all=warning uptime,level,tags
 #1: stderr all=off uptime,level,tags

Environment Variables:
JAVA_HOME=C:\Program Files\Java\jdk-15
PATH=";C:\Program Files\Java\jdk-15\bin";C:\WINDOWS\system32;C:\WINDOWS;C:\WINDOWS\System32\Wbem;C:\WINDOWS\System32\WindowsPowerShell\v1.0\;C:\WINDOWS\System32\OpenSSH\;C:\Program Files\MySQL\MySQL Server 8.0\bin;C:\Program Files (x86)\NVIDIA Corporation\PhysX\Common;C:\Program Files\NVIDIA Corporation\NVIDIA NvDLISR;C:\Program Files\Git\cmd;C:\WINDOWS\system32;C:\WINDOWS;C:\WINDOWS\System32\Wbem;C:\WINDOWS\System32\WindowsPowerShell\v1.0\;C:\WINDOWS\System32\OpenSSH\;C:\Users\Denis\anaconda3;C:\Users\Denis\anaconda3\Library\mingw-w64\bin;C:\Users\Denis\anaconda3\Library\usr\bin;C:\Users\Denis\anaconda3\Library\bin;C:\Users\Denis\anaconda3\Scripts;C:\Users\Denis\AppData\Local\Microsoft\WindowsApps
USERNAME=Denis
OS=Windows_NT
PROCESSOR_IDENTIFIER=Intel64 Family 6 Model 30 Stepping 5, GenuineIntel



---------------  S Y S T E M  ---------------

OS: Windows 10 , 64 bit Build 19041 (10.0.19041.928)
OS uptime: 0 days 0:02 hours

CPU:total 4 (initial active 4) (4 cores per cpu, 1 threads per core) family 6 model 30 stepping 5, cmov, cx8, fxsr, mmx, sse, sse2, sse3, ssse3, sse4.1, sse4.2, popcnt, tsc, tscinvbit

Memory: 4k page, system-wide physical 8187M (2935M free)
TotalPageFile size 16374M (AvailPageFile size 7502M)
current process WorkingSet (physical memory assigned to process): 475M, peak: 477M
current process commit charge ("private bytes"): 510M, peak: 511M

vm_info: OpenJDK 64-Bit Server VM (11.0.8+10-b944.6842174) for windows-amd64 JRE (11.0.8+10-b944.6842174), built on Sep 19 2020 01:11:42 by "builder" with MS VC++ 14.0 (VS2015)

END.
